{"/github/workspace/__tests__/factories/employee.factory.ts": {"path":"/github/workspace/__tests__/factories/employee.factory.ts","statementMap":{"0":{"start":{"line":1,"column":0},"end":{"line":1,"column":32}},"1":{"start":{"line":3,"column":0},"end":{"line":3,"column":46}},"2":{"start":{"line":4,"column":0},"end":{"line":4,"column":57}},"3":{"start":{"line":6,"column":31},"end":{"line":30,"column":2}},"4":{"start":{"line":7,"column":22},"end":{"line":7,"column":null}},"5":{"start":{"line":7,"column":8},"end":{"line":7,"column":null}},"6":{"start":{"line":9,"column":13},"end":{"line":17,"column":null}},"7":{"start":{"line":9,"column":8},"end":{"line":17,"column":null}},"8":{"start":{"line":19,"column":20},"end":{"line":28,"column":null}},"9":{"start":{"line":19,"column":8},"end":{"line":28,"column":null}},"10":{"start":{"line":29,"column":2},"end":{"line":29,"column":19}},"11":{"start":{"line":6,"column":13},"end":{"line":6,"column":31}}},"fnMap":{"0":{"name":"(anonymous_14)","decl":{"start":{"line":6,"column":31},"end":{"line":6,"column":null}},"loc":{"start":{"line":6,"column":31},"end":{"line":30,"column":2}}}},"branchMap":{"0":{"loc":{"start":{"line":7,"column":22},"end":{"line":7,"column":null}},"type":"switch","locations":[{"start":{"line":7,"column":22},"end":{"line":7,"column":null}}]}},"s":{"0":3,"1":3,"2":3,"3":7,"4":4,"5":4,"6":4,"7":4,"8":4,"9":4,"10":4,"11":3},"f":{"0":8},"b":{"0":[4]}}
,"/github/workspace/__tests__/factories/employeeTask.factory.ts": {"path":"/github/workspace/__tests__/factories/employeeTask.factory.ts","statementMap":{"0":{"start":{"line":1,"column":0},"end":{"line":1,"column":32}},"1":{"start":{"line":3,"column":0},"end":{"line":3,"column":53}},"2":{"start":{"line":4,"column":0},"end":{"line":4,"column":45}},"3":{"start":{"line":5,"column":35},"end":{"line":32,"column":2}},"4":{"start":{"line":6,"column":15},"end":{"line":6,"column":null}},"5":{"start":{"line":6,"column":8},"end":{"line":6,"column":null}},"6":{"start":{"line":7,"column":19},"end":{"line":7,"column":null}},"7":{"start":{"line":7,"column":8},"end":{"line":7,"column":null}},"8":{"start":{"line":8,"column":22},"end":{"line":8,"column":null}},"9":{"start":{"line":8,"column":8},"end":{"line":8,"column":null}},"10":{"start":{"line":10,"column":23},"end":{"line":30,"column":null}},"11":{"start":{"line":10,"column":8},"end":{"line":30,"column":null}},"12":{"start":{"line":31,"column":2},"end":{"line":31,"column":22}},"13":{"start":{"line":5,"column":13},"end":{"line":5,"column":35}}},"fnMap":{"0":{"name":"(anonymous_14)","decl":{"start":{"line":5,"column":35},"end":{"line":5,"column":null}},"loc":{"start":{"line":5,"column":35},"end":{"line":32,"column":2}}}},"branchMap":{"0":{"loc":{"start":{"line":6,"column":15},"end":{"line":6,"column":null}},"type":"switch","locations":[{"start":{"line":6,"column":15},"end":{"line":6,"column":null}}]}},"s":{"0":1,"1":1,"2":1,"3":2,"4":1,"5":1,"6":1,"7":1,"8":1,"9":1,"10":1,"11":1,"12":1,"13":1},"f":{"0":2},"b":{"0":[1]}}
,"/github/workspace/__tests__/factories/phase.factory.ts": {"path":"/github/workspace/__tests__/factories/phase.factory.ts","statementMap":{"0":{"start":{"line":1,"column":0},"end":{"line":1,"column":32}},"1":{"start":{"line":3,"column":0},"end":{"line":3,"column":48}},"2":{"start":{"line":4,"column":0},"end":{"line":4,"column":68}},"3":{"start":{"line":5,"column":28},"end":{"line":29,"column":2}},"4":{"start":{"line":5,"column":35},"end":{"line":5,"column":null}},"5":{"start":{"line":11,"column":4},"end":{"line":11,"column":26}},"6":{"start":{"line":12,"column":4},"end":{"line":12,"column":22}},"7":{"start":{"line":13,"column":4},"end":{"line":13,"column":56}},"8":{"start":{"line":6,"column":26},"end":{"line":6,"column":null}},"9":{"start":{"line":6,"column":8},"end":{"line":6,"column":null}},"10":{"start":{"line":7,"column":8},"end":{"line":7,"column":39}},"11":{"start":{"line":8,"column":8},"end":{"line":8,"column":37}},"12":{"start":{"line":15,"column":8},"end":{"line":15,"column":44}},"13":{"start":{"line":17,"column":16},"end":{"line":27,"column":null}},"14":{"start":{"line":17,"column":8},"end":{"line":27,"column":null}},"15":{"start":{"line":28,"column":2},"end":{"line":28,"column":15}},"16":{"start":{"line":5,"column":13},"end":{"line":5,"column":28}}},"fnMap":{"0":{"name":"(anonymous_14)","decl":{"start":{"line":5,"column":28},"end":{"line":5,"column":35}},"loc":{"start":{"line":5,"column":51},"end":{"line":29,"column":2}}},"1":{"name":"getRandomDate","decl":{"start":{"line":10,"column":11},"end":{"line":10,"column":24}},"loc":{"start":{"line":10,"column":33},"end":{"line":14,"column":3}}}},"branchMap":{"0":{"loc":{"start":{"line":5,"column":35},"end":{"line":5,"column":null}},"type":"if","locations":[{"start":{"line":5,"column":35},"end":{"line":5,"column":null}},{"start":{"line":5,"column":35},"end":{"line":5,"column":null}}]},"1":{"loc":{"start":{"line":6,"column":26},"end":{"line":6,"column":null}},"type":"switch","locations":[{"start":{"line":6,"column":26},"end":{"line":6,"column":null}}]}},"s":{"0":3,"1":3,"2":3,"3":3,"4":8,"5":6,"6":6,"7":6,"8":6,"9":6,"10":6,"11":6,"12":6,"13":6,"14":6,"15":6,"16":3},"f":{"0":6,"1":6},"b":{"0":[2,4],"1":[6]}}
,"/github/workspace/__tests__/factories/processTemplates.factory.ts": {"path":"/github/workspace/__tests__/factories/processTemplates.factory.ts","statementMap":{"0":{"start":{"line":1,"column":0},"end":{"line":1,"column":32}},"1":{"start":{"line":3,"column":0},"end":{"line":3,"column":46}},"2":{"start":{"line":5,"column":38},"end":{"line":17,"column":2}},"3":{"start":{"line":5,"column":45},"end":{"line":5,"column":null}},"4":{"start":{"line":6,"column":26},"end":{"line":15,"column":null}},"5":{"start":{"line":6,"column":8},"end":{"line":15,"column":null}},"6":{"start":{"line":16,"column":2},"end":{"line":16,"column":25}},"7":{"start":{"line":5,"column":13},"end":{"line":5,"column":38}}},"fnMap":{"0":{"name":"(anonymous_14)","decl":{"start":{"line":5,"column":38},"end":{"line":5,"column":45}},"loc":{"start":{"line":5,"column":66},"end":{"line":17,"column":2}}}},"branchMap":{"0":{"loc":{"start":{"line":5,"column":45},"end":{"line":5,"column":null}},"type":"if","locations":[{"start":{"line":5,"column":45},"end":{"line":5,"column":null}},{"start":{"line":5,"column":45},"end":{"line":5,"column":null}}]},"1":{"loc":{"start":{"line":6,"column":26},"end":{"line":15,"column":null}},"type":"switch","locations":[{"start":{"line":6,"column":26},"end":{"line":15,"column":null}}]}},"s":{"0":4,"1":4,"2":4,"3":10,"4":7,"5":7,"6":7,"7":4},"f":{"0":7},"b":{"0":[3,4],"1":[7]}}
,"/github/workspace/__tests__/factories/profession.factory.ts": {"path":"/github/workspace/__tests__/factories/profession.factory.ts","statementMap":{"0":{"start":{"line":1,"column":0},"end":{"line":1,"column":32}},"1":{"start":{"line":3,"column":0},"end":{"line":3,"column":46}},"2":{"start":{"line":5,"column":33},"end":{"line":12,"column":2}},"3":{"start":{"line":6,"column":21},"end":{"line":10,"column":null}},"4":{"start":{"line":6,"column":8},"end":{"line":10,"column":null}},"5":{"start":{"line":11,"column":2},"end":{"line":11,"column":20}},"6":{"start":{"line":5,"column":13},"end":{"line":5,"column":33}}},"fnMap":{"0":{"name":"(anonymous_14)","decl":{"start":{"line":5,"column":33},"end":{"line":5,"column":null}},"loc":{"start":{"line":5,"column":33},"end":{"line":12,"column":2}}}},"branchMap":{"0":{"loc":{"start":{"line":6,"column":21},"end":{"line":10,"column":null}},"type":"switch","locations":[{"start":{"line":6,"column":21},"end":{"line":10,"column":null}}]}},"s":{"0":3,"1":3,"2":7,"3":4,"4":4,"5":4,"6":3},"f":{"0":8},"b":{"0":[4]}}
,"/github/workspace/__tests__/factories/tags.factory.ts": {"path":"/github/workspace/__tests__/factories/tags.factory.ts","statementMap":{"0":{"start":{"line":1,"column":0},"end":{"line":1,"column":32}},"1":{"start":{"line":3,"column":0},"end":{"line":3,"column":46}},"2":{"start":{"line":4,"column":27},"end":{"line":11,"column":2}},"3":{"start":{"line":5,"column":15},"end":{"line":9,"column":null}},"4":{"start":{"line":5,"column":8},"end":{"line":9,"column":null}},"5":{"start":{"line":10,"column":2},"end":{"line":10,"column":14}},"6":{"start":{"line":4,"column":13},"end":{"line":4,"column":27}}},"fnMap":{"0":{"name":"(anonymous_14)","decl":{"start":{"line":4,"column":27},"end":{"line":4,"column":null}},"loc":{"start":{"line":4,"column":27},"end":{"line":11,"column":2}}}},"branchMap":{"0":{"loc":{"start":{"line":5,"column":15},"end":{"line":9,"column":null}},"type":"switch","locations":[{"start":{"line":5,"column":15},"end":{"line":9,"column":null}}]}},"s":{"0":1,"1":1,"2":2,"3":1,"4":1,"5":1,"6":1},"f":{"0":2},"b":{"0":[1]}}
,"/github/workspace/__tests__/factories/task.factory.ts": {"path":"/github/workspace/__tests__/factories/task.factory.ts","statementMap":{"0":{"start":{"line":1,"column":0},"end":{"line":1,"column":32}},"1":{"start":{"line":3,"column":0},"end":{"line":3,"column":46}},"2":{"start":{"line":4,"column":0},"end":{"line":4,"column":47}},"3":{"start":{"line":5,"column":27},"end":{"line":21,"column":2}},"4":{"start":{"line":5,"column":34},"end":{"line":5,"column":null}},"5":{"start":{"line":6,"column":16},"end":{"line":6,"column":null}},"6":{"start":{"line":6,"column":8},"end":{"line":6,"column":null}},"7":{"start":{"line":8,"column":15},"end":{"line":19,"column":null}},"8":{"start":{"line":8,"column":8},"end":{"line":19,"column":null}},"9":{"start":{"line":20,"column":2},"end":{"line":20,"column":14}},"10":{"start":{"line":5,"column":13},"end":{"line":5,"column":27}}},"fnMap":{"0":{"name":"(anonymous_14)","decl":{"start":{"line":5,"column":27},"end":{"line":5,"column":34}},"loc":{"start":{"line":5,"column":50},"end":{"line":21,"column":2}}}},"branchMap":{"0":{"loc":{"start":{"line":5,"column":34},"end":{"line":5,"column":null}},"type":"if","locations":[{"start":{"line":5,"column":34},"end":{"line":5,"column":null}},{"start":{"line":5,"column":34},"end":{"line":5,"column":null}}]},"1":{"loc":{"start":{"line":6,"column":16},"end":{"line":6,"column":null}},"type":"switch","locations":[{"start":{"line":6,"column":16},"end":{"line":6,"column":null}}]}},"s":{"0":2,"1":2,"2":2,"3":2,"4":6,"5":5,"6":5,"7":5,"8":5,"9":5,"10":2},"f":{"0":5},"b":{"0":[1,4],"1":[5]}}
,"/github/workspace/__tests__/utils/utils.ts": {"path":"/github/workspace/__tests__/utils/utils.ts","statementMap":{"0":{"start":{"line":1,"column":28},"end":{"line":1,"column":38}},"1":{"start":{"line":1,"column":34},"end":{"line":1,"column":74}},"2":{"start":{"line":1,"column":13},"end":{"line":1,"column":28}}},"fnMap":{"0":{"name":"(anonymous_0)","decl":{"start":{"line":1,"column":28},"end":{"line":1,"column":34}},"loc":{"start":{"line":1,"column":28},"end":{"line":1,"column":38}}}},"branchMap":{},"s":{"0":6,"1":56,"2":6},"f":{"0":56},"b":{}}
,"/github/workspace/src/lib/prisma.ts": {"path":"/github/workspace/src/lib/prisma.ts","statementMap":{"0":{"start":{"line":3,"column":0},"end":{"line":3,"column":46}},"1":{"start":{"line":7,"column":0},"end":{"line":15,"column":null}},"2":{"start":{"line":8,"column":2},"end":{"line":8,"column":30}},"3":{"start":{"line":10,"column":2},"end":{"line":12,"column":null}},"4":{"start":{"line":11,"column":4},"end":{"line":11,"column":42}},"5":{"start":{"line":14,"column":2},"end":{"line":14,"column":28}},"6":{"start":{"line":17,"column":0},"end":{"line":17,"column":22}}},"fnMap":{},"branchMap":{"0":{"loc":{"start":{"line":7,"column":0},"end":{"line":15,"column":null}},"type":"if","locations":[{"start":{"line":7,"column":0},"end":{"line":15,"column":null}},{"start":{"line":7,"column":0},"end":{"line":15,"column":null}}]},"1":{"loc":{"start":{"line":10,"column":2},"end":{"line":12,"column":null}},"type":"if","locations":[{"start":{"line":10,"column":2},"end":{"line":12,"column":null}},{"start":{"line":10,"column":2},"end":{"line":12,"column":null}}]}},"s":{"0":7,"1":7,"2":0,"3":7,"4":7,"5":7,"6":7},"f":{},"b":{"0":[0,7],"1":[7,0]}}
,"/github/workspace/src/lib/withAuth.ts": {"path":"/github/workspace/src/lib/withAuth.ts","statementMap":{"0":{"start":{"line":1,"column":0},"end":{"line":1,"column":47}},"1":{"start":{"line":2,"column":0},"end":{"line":2,"column":32}},"2":{"start":{"line":4,"column":0},"end":{"line":4,"column":32}},"3":{"start":{"line":5,"column":15},"end":{"line":5,"column":37}},"4":{"start":{"line":11,"column":17},"end":{"line":45,"column":1}},"5":{"start":{"line":12,"column":2},"end":{"line":44,"column":4}},"6":{"start":{"line":12,"column":57},"end":{"line":44,"column":4}},"7":{"start":{"line":14,"column":10},"end":{"line":14,"column":17}},"8":{"start":{"line":15,"column":21},"end":{"line":20,"column":null}},"9":{"start":{"line":15,"column":14},"end":{"line":20,"column":null}},"10":{"start":{"line":21,"column":8},"end":{"line":21,"column":39}},"11":{"start":{"line":23,"column":20},"end":{"line":23,"column":null}},"12":{"start":{"line":23,"column":12},"end":{"line":23,"column":null}},"13":{"start":{"line":25,"column":10},"end":{"line":25,"column":15}},"14":{"start":{"line":26,"column":21},"end":{"line":34,"column":null}},"15":{"start":{"line":26,"column":14},"end":{"line":34,"column":null}},"16":{"start":{"line":35,"column":8},"end":{"line":37,"column":null}},"17":{"start":{"line":36,"column":10},"end":{"line":36,"column":41}},"18":{"start":{"line":41,"column":6},"end":{"line":41,"column":36}},"19":{"start":{"line":43,"column":4},"end":{"line":43,"column":57}},"20":{"start":{"line":47,"column":0},"end":{"line":47,"column":24}}},"fnMap":{"0":{"name":"(anonymous_14)","decl":{"start":{"line":11,"column":17},"end":{"line":11,"column":18}},"loc":{"start":{"line":11,"column":25},"end":{"line":45,"column":1}}},"1":{"name":"(anonymous_15)","decl":{"start":{"line":12,"column":9},"end":{"line":12,"column":16}},"loc":{"start":{"line":12,"column":57},"end":{"line":44,"column":4}}},"2":{"name":"(anonymous_16)","decl":{"start":{"line":12,"column":57},"end":{"line":12,"column":null}},"loc":{"start":{"line":12,"column":57},"end":{"line":44,"column":4}}}},"branchMap":{"0":{"loc":{"start":{"line":23,"column":20},"end":{"line":23,"column":null}},"type":"switch","locations":[{"start":{"line":23,"column":20},"end":{"line":23,"column":null}},{"start":{"line":43,"column":4},"end":{"line":43,"column":57}}]},"1":{"loc":{"start":{"line":14,"column":10},"end":{"line":14,"column":17}},"type":"if","locations":[{"start":{"line":14,"column":10},"end":{"line":14,"column":17}},{"start":{"line":14,"column":10},"end":{"line":14,"column":17}}]},"2":{"loc":{"start":{"line":25,"column":10},"end":{"line":25,"column":15}},"type":"if","locations":[{"start":{"line":25,"column":10},"end":{"line":25,"column":15}},{"start":{"line":25,"column":10},"end":{"line":25,"column":15}}]},"3":{"loc":{"start":{"line":35,"column":8},"end":{"line":37,"column":null}},"type":"if","locations":[{"start":{"line":35,"column":8},"end":{"line":37,"column":null}},{"start":{"line":35,"column":8},"end":{"line":37,"column":null}}]},"4":{"loc":{"start":{"line":41,"column":25},"end":{"line":41,"column":27}},"type":"cond-expr","locations":[{"start":{"line":41,"column":25},"end":{"line":41,"column":27}},{"start":{"line":41,"column":22},"end":{"line":41,"column":34}}]},"5":{"loc":{"start":{"line":41,"column":22},"end":{"line":41,"column":27}},"type":"binary-expr","locations":[{"start":{"line":41,"column":22},"end":{"line":41,"column":27}},{"start":{"line":41,"column":22},"end":{"line":41,"column":27}}]}},"s":{"0":6,"1":6,"2":6,"3":6,"4":6,"5":8,"6":21,"7":21,"8":21,"9":21,"10":21,"11":0,"12":0,"13":0,"14":0,"15":0,"16":0,"17":0,"18":0,"19":0,"20":6},"f":{"0":8,"1":21,"2":21},"b":{"0":[0,0],"1":[0,21],"2":[0,0],"3":[0,0],"4":[0,0],"5":[0,0]}}
,"/github/workspace/src/pages/api/employees.ts": {"path":"/github/workspace/src/pages/api/employees.ts","statementMap":{"0":{"start":{"line":1,"column":0},"end":{"line":1,"column":47}},"1":{"start":{"line":2,"column":0},"end":{"line":2,"column":32}},"2":{"start":{"line":3,"column":0},"end":{"line":3,"column":36}},"3":{"start":{"line":13,"column":0},"end":{"line":34,"column":3}},"4":{"start":{"line":14,"column":6},"end":{"line":14,"column":9}},"5":{"start":{"line":15,"column":22},"end":{"line":29,"column":null}},"6":{"start":{"line":15,"column":10},"end":{"line":29,"column":null}},"7":{"start":{"line":30,"column":4},"end":{"line":30,"column":24}},"8":{"start":{"line":32,"column":4},"end":{"line":32,"column":56}}},"fnMap":{"0":{"name":"(anonymous_14)","decl":{"start":{"line":13,"column":24},"end":{"line":13,"column":40}},"loc":{"start":{"line":13,"column":81},"end":{"line":34,"column":2}}}},"branchMap":{"0":{"loc":{"start":{"line":14,"column":6},"end":{"line":14,"column":9}},"type":"if","locations":[{"start":{"line":14,"column":6},"end":{"line":14,"column":9}},{"start":{"line":14,"column":6},"end":{"line":14,"column":9}}]}},"s":{"0":1,"1":1,"2":1,"3":1,"4":1,"5":1,"6":1,"7":1,"8":0},"f":{"0":1},"b":{"0":[0,1]}}
,"/github/workspace/src/pages/api/phases.ts": {"path":"/github/workspace/src/pages/api/phases.ts","statementMap":{"0":{"start":{"line":1,"column":0},"end":{"line":1,"column":47}},"1":{"start":{"line":2,"column":0},"end":{"line":2,"column":32}},"2":{"start":{"line":3,"column":0},"end":{"line":3,"column":36}},"3":{"start":{"line":15,"column":0},"end":{"line":32,"column":3}},"4":{"start":{"line":16,"column":6},"end":{"line":16,"column":9}},"5":{"start":{"line":18,"column":6},"end":{"line":18,"column":39}},"6":{"start":{"line":20,"column":21},"end":{"line":27,"column":null}},"7":{"start":{"line":20,"column":10},"end":{"line":27,"column":null}},"8":{"start":{"line":28,"column":4},"end":{"line":28,"column":54}},"9":{"start":{"line":30,"column":4},"end":{"line":30,"column":56}}},"fnMap":{"0":{"name":"(anonymous_14)","decl":{"start":{"line":15,"column":24},"end":{"line":15,"column":40}},"loc":{"start":{"line":15,"column":81},"end":{"line":32,"column":2}}}},"branchMap":{"0":{"loc":{"start":{"line":16,"column":6},"end":{"line":16,"column":9}},"type":"if","locations":[{"start":{"line":16,"column":6},"end":{"line":16,"column":9}},{"start":{"line":16,"column":6},"end":{"line":16,"column":9}}]}},"s":{"0":1,"1":1,"2":1,"3":1,"4":1,"5":1,"6":1,"7":1,"8":1,"9":0},"f":{"0":1},"b":{"0":[0,1]}}
,"/github/workspace/src/pages/api/professions.ts": {"path":"/github/workspace/src/pages/api/professions.ts","statementMap":{"0":{"start":{"line":1,"column":0},"end":{"line":1,"column":47}},"1":{"start":{"line":2,"column":0},"end":{"line":2,"column":32}},"2":{"start":{"line":3,"column":0},"end":{"line":3,"column":36}},"3":{"start":{"line":13,"column":0},"end":{"line":25,"column":3}},"4":{"start":{"line":14,"column":6},"end":{"line":14,"column":9}},"5":{"start":{"line":15,"column":24},"end":{"line":20,"column":null}},"6":{"start":{"line":15,"column":10},"end":{"line":20,"column":null}},"7":{"start":{"line":21,"column":4},"end":{"line":21,"column":26}},"8":{"start":{"line":23,"column":4},"end":{"line":23,"column":56}}},"fnMap":{"0":{"name":"(anonymous_14)","decl":{"start":{"line":13,"column":24},"end":{"line":13,"column":40}},"loc":{"start":{"line":13,"column":81},"end":{"line":25,"column":2}}}},"branchMap":{"0":{"loc":{"start":{"line":14,"column":6},"end":{"line":14,"column":9}},"type":"if","locations":[{"start":{"line":14,"column":6},"end":{"line":14,"column":9}},{"start":{"line":14,"column":6},"end":{"line":14,"column":9}}]}},"s":{"0":1,"1":1,"2":1,"3":1,"4":1,"5":1,"6":1,"7":1,"8":0},"f":{"0":1},"b":{"0":[0,1]}}
,"/github/workspace/src/pages/api/tags.ts": {"path":"/github/workspace/src/pages/api/tags.ts","statementMap":{"0":{"start":{"line":1,"column":0},"end":{"line":1,"column":47}},"1":{"start":{"line":2,"column":0},"end":{"line":2,"column":32}},"2":{"start":{"line":3,"column":0},"end":{"line":3,"column":36}},"3":{"start":{"line":13,"column":0},"end":{"line":25,"column":3}},"4":{"start":{"line":14,"column":6},"end":{"line":14,"column":9}},"5":{"start":{"line":15,"column":17},"end":{"line":20,"column":null}},"6":{"start":{"line":15,"column":10},"end":{"line":20,"column":null}},"7":{"start":{"line":21,"column":4},"end":{"line":21,"column":19}},"8":{"start":{"line":23,"column":4},"end":{"line":23,"column":56}}},"fnMap":{"0":{"name":"(anonymous_14)","decl":{"start":{"line":13,"column":24},"end":{"line":13,"column":40}},"loc":{"start":{"line":13,"column":81},"end":{"line":25,"column":2}}}},"branchMap":{"0":{"loc":{"start":{"line":14,"column":6},"end":{"line":14,"column":9}},"type":"if","locations":[{"start":{"line":14,"column":6},"end":{"line":14,"column":9}},{"start":{"line":14,"column":6},"end":{"line":14,"column":9}}]}},"s":{"0":1,"1":1,"2":1,"3":1,"4":3,"5":1,"6":1,"7":1,"8":1},"f":{"0":2},"b":{"0":[1,1]}}
,"/github/workspace/src/pages/api/tasks.ts": {"path":"/github/workspace/src/pages/api/tasks.ts","statementMap":{"0":{"start":{"line":1,"column":0},"end":{"line":1,"column":47}},"1":{"start":{"line":2,"column":0},"end":{"line":2,"column":32}},"2":{"start":{"line":3,"column":0},"end":{"line":3,"column":36}},"3":{"start":{"line":16,"column":0},"end":{"line":61,"column":3}},"4":{"start":{"line":17,"column":6},"end":{"line":17,"column":9}},"5":{"start":{"line":19,"column":6},"end":{"line":19,"column":37}},"6":{"start":{"line":21,"column":20},"end":{"line":56,"column":null}},"7":{"start":{"line":40,"column":57},"end":{"line":47,"column":13}},"8":{"start":{"line":50,"column":69},"end":{"line":50,"column":93}},"9":{"start":{"line":21,"column":10},"end":{"line":56,"column":null}},"10":{"start":{"line":57,"column":4},"end":{"line":57,"column":53}},"11":{"start":{"line":59,"column":4},"end":{"line":59,"column":56}}},"fnMap":{"0":{"name":"(anonymous_16)","decl":{"start":{"line":16,"column":24},"end":{"line":16,"column":40}},"loc":{"start":{"line":16,"column":81},"end":{"line":61,"column":2}}},"1":{"name":"(anonymous_19)","decl":{"start":{"line":40,"column":42},"end":{"line":40,"column":43}},"loc":{"start":{"line":40,"column":52},"end":{"line":40,"column":58}}},"2":{"name":"(anonymous_20)","decl":{"start":{"line":50,"column":40},"end":{"line":50,"column":41}},"loc":{"start":{"line":50,"column":64},"end":{"line":50,"column":70}}}},"branchMap":{"0":{"loc":{"start":{"line":17,"column":6},"end":{"line":17,"column":9}},"type":"if","locations":[{"start":{"line":17,"column":6},"end":{"line":17,"column":9}},{"start":{"line":17,"column":6},"end":{"line":17,"column":9}}]},"1":{"loc":{"start":{"line":32,"column":12},"end":{"line":32,"column":28}},"type":"binary-expr","locations":[{"start":{"line":32,"column":12},"end":{"line":32,"column":28}},{"start":{"line":32,"column":32},"end":{"line":38,"column":10}}]},"2":{"loc":{"start":{"line":40,"column":36},"end":{"line":40,"column":38}},"type":"cond-expr","locations":[{"start":{"line":40,"column":36},"end":{"line":40,"column":38}},{"start":{"line":40,"column":36},"end":{"line":47,"column":13}}]},"3":{"loc":{"start":{"line":40,"column":27},"end":{"line":40,"column":38}},"type":"binary-expr","locations":[{"start":{"line":40,"column":27},"end":{"line":40,"column":38}},{"start":{"line":40,"column":36},"end":{"line":40,"column":38}}]}},"s":{"0":1,"1":1,"2":1,"3":1,"4":1,"5":1,"6":1,"7":0,"8":0,"9":1,"10":1,"11":0},"f":{"0":1,"1":0,"2":0},"b":{"0":[0,1],"1":[1,0],"2":[0,1],"3":[1,1]}}
,"/github/workspace/src/pages/api/cron/phases.ts": {"path":"/github/workspace/src/pages/api/cron/phases.ts","statementMap":{"0":{"start":{"line":1,"column":0},"end":{"line":1,"column":47}},"1":{"start":{"line":2,"column":0},"end":{"line":2,"column":32}},"2":{"start":{"line":3,"column":0},"end":{"line":3,"column":33}},"3":{"start":{"line":4,"column":0},"end":{"line":4,"column":40}},"4":{"start":{"line":7,"column":0},"end":{"line":7,"column":38}},"5":{"start":{"line":8,"column":0},"end":{"line":8,"column":53}},"6":{"start":{"line":10,"column":8},"end":{"line":10,"column":46}},"7":{"start":{"line":11,"column":2},"end":{"line":13,"column":null}},"8":{"start":{"line":12,"column":4},"end":{"line":12,"column":50}},"9":{"start":{"line":14,"column":6},"end":{"line":14,"column":9}},"10":{"start":{"line":15,"column":19},"end":{"line":48,"column":null}},"11":{"start":{"line":15,"column":10},"end":{"line":48,"column":null}},"12":{"start":{"line":49,"column":22},"end":{"line":88,"column":null}},"13":{"start":{"line":49,"column":10},"end":{"line":88,"column":null}},"14":{"start":{"line":89,"column":33},"end":{"line":115,"column":null}},"15":{"start":{"line":89,"column":10},"end":{"line":115,"column":null}},"16":{"start":{"line":117,"column":4},"end":{"line":117,"column":43}},"17":{"start":{"line":118,"column":4},"end":{"line":118,"column":45}},"18":{"start":{"line":120,"column":4},"end":{"line":120,"column":40}},"19":{"start":{"line":122,"column":4},"end":{"line":122,"column":56}},"20":{"start":{"line":9,"column":0},"end":{"line":9,"column":31}},"21":{"start":{"line":131,"column":28},"end":{"line":146,"column":1}},"22":{"start":{"line":132,"column":24},"end":{"line":132,"column":96}},"23":{"start":{"line":132,"column":49},"end":{"line":132,"column":96}},"24":{"start":{"line":133,"column":16},"end":{"line":133,"column":24}},"25":{"start":{"line":134,"column":2},"end":{"line":145,"column":5}},"26":{"start":{"line":135,"column":4},"end":{"line":137,"column":null}},"27":{"start":{"line":136,"column":6},"end":{"line":136,"column":13}},"28":{"start":{"line":138,"column":4},"end":{"line":138,"column":63}},"29":{"start":{"line":139,"column":4},"end":{"line":141,"column":null}},"30":{"start":{"line":140,"column":6},"end":{"line":140,"column":54}},"31":{"start":{"line":142,"column":4},"end":{"line":144,"column":null}},"32":{"start":{"line":143,"column":6},"end":{"line":143,"column":55}},"33":{"start":{"line":152,"column":35},"end":{"line":182,"column":1}},"34":{"start":{"line":153,"column":23},"end":{"line":160,"column":4}},"35":{"start":{"line":154,"column":20},"end":{"line":154,"column":61}},"36":{"start":{"line":155,"column":4},"end":{"line":157,"column":null}},"37":{"start":{"line":156,"column":6},"end":{"line":156,"column":41}},"38":{"start":{"line":159,"column":4},"end":{"line":159,"column":43}},"39":{"start":{"line":161,"column":2},"end":{"line":163,"column":null}},"40":{"start":{"line":162,"column":4},"end":{"line":162,"column":11}},"41":{"start":{"line":165,"column":20},"end":{"line":173,"column":4}},"42":{"start":{"line":166,"column":26},"end":{"line":166,"column":48}},"43":{"start":{"line":167,"column":26},"end":{"line":167,"column":48}},"44":{"start":{"line":168,"column":4},"end":{"line":170,"column":null}},"45":{"start":{"line":169,"column":6},"end":{"line":169,"column":73}},"46":{"start":{"line":172,"column":4},"end":{"line":172,"column":75}},"47":{"start":{"line":174,"column":30},"end":{"line":175,"column":null}},"48":{"start":{"line":175,"column":37},"end":{"line":175,"column":null}},"49":{"start":{"line":178,"column":2},"end":{"line":181,"column":null}},"50":{"start":{"line":179,"column":4},"end":{"line":179,"column":82}},"51":{"start":{"line":180,"column":4},"end":{"line":180,"column":45}},"52":{"start":{"line":187,"column":38},"end":{"line":199,"column":1}},"53":{"start":{"line":188,"column":2},"end":{"line":193,"column":5}},"54":{"start":{"line":189,"column":4},"end":{"line":192,"column":null}},"55":{"start":{"line":190,"column":6},"end":{"line":190,"column":81}},"56":{"start":{"line":191,"column":6},"end":{"line":191,"column":43}},"57":{"start":{"line":194,"column":48},"end":{"line":194,"column":124}},"58":{"start":{"line":195,"column":2},"end":{"line":198,"column":null}},"59":{"start":{"line":196,"column":32},"end":{"line":196,"column":142}},"60":{"start":{"line":197,"column":4},"end":{"line":197,"column":134}},"61":{"start":{"line":204,"column":39},"end":{"line":216,"column":1}},"62":{"start":{"line":205,"column":2},"end":{"line":210,"column":5}},"63":{"start":{"line":206,"column":4},"end":{"line":209,"column":null}},"64":{"start":{"line":207,"column":6},"end":{"line":207,"column":80}},"65":{"start":{"line":208,"column":6},"end":{"line":208,"column":43}},"66":{"start":{"line":211,"column":52},"end":{"line":211,"column":134}},"67":{"start":{"line":212,"column":2},"end":{"line":215,"column":null}},"68":{"start":{"line":213,"column":32},"end":{"line":213,"column":135}},"69":{"start":{"line":214,"column":4},"end":{"line":214,"column":134}},"70":{"start":{"line":221,"column":31},"end":{"line":222,"column":10}},"71":{"start":{"line":222,"column":2},"end":{"line":222,"column":110}},"72":{"start":{"line":222,"column":47},"end":{"line":222,"column":109}},"73":{"start":{"line":227,"column":28},"end":{"line":242,"column":2}},"74":{"start":{"line":227,"column":69},"end":{"line":242,"column":2}},"75":{"start":{"line":228,"column":8},"end":{"line":240,"column":5}},"76":{"start":{"line":229,"column":4},"end":{"line":239,"column":null}},"77":{"start":{"line":229,"column":34},"end":{"line":229,"column":36}},"78":{"start":{"line":229,"column":41},"end":{"line":229,"column":44}},"79":{"start":{"line":230,"column":6},"end":{"line":232,"column":null}},"80":{"start":{"line":231,"column":8},"end":{"line":231,"column":15}},"81":{"start":{"line":233,"column":6},"end":{"line":238,"column":8}},"82":{"start":{"line":241,"column":2},"end":{"line":241,"column":77}},"83":{"start":{"line":246,"column":27},"end":{"line":275,"column":1}},"84":{"start":{"line":247,"column":2},"end":{"line":274,"column":null}},"85":{"start":{"line":248,"column":18},"end":{"line":248,"column":28}},"86":{"start":{"line":249,"column":21},"end":{"line":249,"column":60}},"87":{"start":{"line":250,"column":4},"end":{"line":270,"column":7}},"88":{"start":{"line":251,"column":35},"end":{"line":251,"column":83}},"89":{"start":{"line":252,"column":54},"end":{"line":252,"column":96}},"90":{"start":{"line":253,"column":57},"end":{"line":253,"column":111}},"91":{"start":{"line":254,"column":6},"end":{"line":256,"column":null}},"92":{"start":{"line":255,"column":8},"end":{"line":255,"column":15}},"93":{"start":{"line":257,"column":20},"end":{"line":257,"column":85}},"94":{"start":{"line":258,"column":6},"end":{"line":269,"column":9}},"95":{"start":{"line":259,"column":21},"end":{"line":259,"column":30}},"96":{"start":{"line":260,"column":31},"end":{"line":260,"column":40}},"97":{"start":{"line":261,"column":8},"end":{"line":265,"column":null}},"98":{"start":{"line":262,"column":10},"end":{"line":262,"column":62}},"99":{"start":{"line":263,"column":15},"end":{"line":265,"column":null}},"100":{"start":{"line":264,"column":10},"end":{"line":264,"column":67}},"101":{"start":{"line":266,"column":8},"end":{"line":268,"column":null}},"102":{"start":{"line":267,"column":10},"end":{"line":267,"column":111}},"103":{"start":{"line":273,"column":4},"end":{"line":273,"column":31}},"104":{"start":{"line":281,"column":27},"end":{"line":291,"column":2}},"105":{"start":{"line":281,"column":75},"end":{"line":281,"column":null}},"106":{"start":{"line":282,"column":2},"end":{"line":287,"column":5}},"107":{"start":{"line":288,"column":2},"end":{"line":290,"column":null}},"108":{"start":{"line":289,"column":4},"end":{"line":289,"column":38}}},"fnMap":{"0":{"name":"default_1","decl":{"start":{"line":9,"column":0},"end":{"line":9,"column":31}},"loc":{"start":{"line":9,"column":72},"end":{"line":124,"column":null}}},"1":{"name":"(anonymous_17)","decl":{"start":{"line":131,"column":28},"end":{"line":131,"column":29}},"loc":{"start":{"line":131,"column":69},"end":{"line":146,"column":1}}},"2":{"name":"(anonymous_18)","decl":{"start":{"line":132,"column":38},"end":{"line":132,"column":39}},"loc":{"start":{"line":132,"column":44},"end":{"line":132,"column":54}}},"3":{"name":"(anonymous_19)","decl":{"start":{"line":134,"column":20},"end":{"line":134,"column":21}},"loc":{"start":{"line":134,"column":29},"end":{"line":145,"column":3}}},"4":{"name":"(anonymous_20)","decl":{"start":{"line":152,"column":35},"end":{"line":152,"column":36}},"loc":{"start":{"line":152,"column":95},"end":{"line":182,"column":1}}},"5":{"name":"(anonymous_21)","decl":{"start":{"line":153,"column":44},"end":{"line":153,"column":45}},"loc":{"start":{"line":153,"column":50},"end":{"line":160,"column":3}}},"6":{"name":"(anonymous_22)","decl":{"start":{"line":165,"column":41},"end":{"line":165,"column":42}},"loc":{"start":{"line":165,"column":56},"end":{"line":173,"column":3}}},"7":{"name":"(anonymous_23)","decl":{"start":{"line":175,"column":4},"end":{"line":175,"column":5}},"loc":{"start":{"line":175,"column":32},"end":{"line":175,"column":49}}},"8":{"name":"(anonymous_24)","decl":{"start":{"line":187,"column":38},"end":{"line":187,"column":39}},"loc":{"start":{"line":187,"column":76},"end":{"line":199,"column":1}}},"9":{"name":"(anonymous_25)","decl":{"start":{"line":188,"column":17},"end":{"line":188,"column":18}},"loc":{"start":{"line":188,"column":23},"end":{"line":193,"column":3}}},"10":{"name":"(anonymous_26)","decl":{"start":{"line":204,"column":39},"end":{"line":204,"column":40}},"loc":{"start":{"line":204,"column":77},"end":{"line":216,"column":1}}},"11":{"name":"(anonymous_27)","decl":{"start":{"line":205,"column":17},"end":{"line":205,"column":18}},"loc":{"start":{"line":205,"column":23},"end":{"line":210,"column":3}}},"12":{"name":"(anonymous_28)","decl":{"start":{"line":221,"column":31},"end":{"line":221,"column":32}},"loc":{"start":{"line":221,"column":73},"end":{"line":222,"column":10}}},"13":{"name":"(anonymous_29)","decl":{"start":{"line":222,"column":29},"end":{"line":222,"column":30}},"loc":{"start":{"line":222,"column":42},"end":{"line":222,"column":59}}},"14":{"name":"(anonymous_30)","decl":{"start":{"line":227,"column":28},"end":{"line":227,"column":35}},"loc":{"start":{"line":227,"column":69},"end":{"line":242,"column":2}}},"15":{"name":"(anonymous_31)","decl":{"start":{"line":227,"column":69},"end":{"line":227,"column":null}},"loc":{"start":{"line":227,"column":69},"end":{"line":242,"column":2}}},"16":{"name":"(anonymous_33)","decl":{"start":{"line":228,"column":32},"end":{"line":228,"column":33}},"loc":{"start":{"line":228,"column":37},"end":{"line":240,"column":3}}},"17":{"name":"(anonymous_34)","decl":{"start":{"line":229,"column":29},"end":{"line":229,"column":30}},"loc":{"start":{"line":229,"column":36},"end":{"line":229,"column":43}}},"18":{"name":"(anonymous_35)","decl":{"start":{"line":246,"column":27},"end":{"line":246,"column":28}},"loc":{"start":{"line":246,"column":108},"end":{"line":275,"column":1}}},"19":{"name":"(anonymous_36)","decl":{"start":{"line":250,"column":34},"end":{"line":250,"column":35}},"loc":{"start":{"line":250,"column":43},"end":{"line":270,"column":5}}},"20":{"name":"(anonymous_37)","decl":{"start":{"line":258,"column":20},"end":{"line":258,"column":21}},"loc":{"start":{"line":258,"column":22},"end":{"line":269,"column":7}}},"21":{"name":"(anonymous_38)","decl":{"start":{"line":281,"column":27},"end":{"line":281,"column":34}},"loc":{"start":{"line":281,"column":100},"end":{"line":291,"column":2}}}},"branchMap":{"0":{"loc":{"start":{"line":11,"column":2},"end":{"line":13,"column":null}},"type":"if","locations":[{"start":{"line":11,"column":2},"end":{"line":13,"column":null}},{"start":{"line":11,"column":2},"end":{"line":13,"column":null}}]},"1":{"loc":{"start":{"line":14,"column":6},"end":{"line":14,"column":9}},"type":"if","locations":[{"start":{"line":14,"column":6},"end":{"line":14,"column":9}},{"start":{"line":14,"column":6},"end":{"line":14,"column":9}}]},"2":{"loc":{"start":{"line":135,"column":4},"end":{"line":137,"column":null}},"type":"if","locations":[{"start":{"line":135,"column":4},"end":{"line":137,"column":null}},{"start":{"line":135,"column":4},"end":{"line":137,"column":null}}]},"3":{"loc":{"start":{"line":139,"column":4},"end":{"line":141,"column":null}},"type":"if","locations":[{"start":{"line":139,"column":4},"end":{"line":141,"column":null}},{"start":{"line":139,"column":4},"end":{"line":141,"column":null}}]},"4":{"loc":{"start":{"line":139,"column":8},"end":{"line":139,"column":33}},"type":"binary-expr","locations":[{"start":{"line":139,"column":8},"end":{"line":139,"column":33}},{"start":{"line":139,"column":37},"end":{"line":139,"column":90}}]},"5":{"loc":{"start":{"line":142,"column":4},"end":{"line":144,"column":null}},"type":"if","locations":[{"start":{"line":142,"column":4},"end":{"line":144,"column":null}},{"start":{"line":142,"column":4},"end":{"line":144,"column":null}}]},"6":{"loc":{"start":{"line":142,"column":8},"end":{"line":142,"column":32}},"type":"binary-expr","locations":[{"start":{"line":142,"column":8},"end":{"line":142,"column":32}},{"start":{"line":142,"column":36},"end":{"line":142,"column":90}}]},"7":{"loc":{"start":{"line":155,"column":4},"end":{"line":157,"column":null}},"type":"if","locations":[{"start":{"line":155,"column":4},"end":{"line":157,"column":null}},{"start":{"line":155,"column":4},"end":{"line":157,"column":null}}]},"8":{"loc":{"start":{"line":161,"column":2},"end":{"line":163,"column":null}},"type":"if","locations":[{"start":{"line":161,"column":2},"end":{"line":163,"column":null}},{"start":{"line":161,"column":2},"end":{"line":163,"column":null}}]},"9":{"loc":{"start":{"line":165,"column":32},"end":{"line":165,"column":34}},"type":"cond-expr","locations":[{"start":{"line":165,"column":32},"end":{"line":165,"column":34}},{"start":{"line":165,"column":20},"end":{"line":173,"column":4}}]},"10":{"loc":{"start":{"line":165,"column":20},"end":{"line":165,"column":34}},"type":"binary-expr","locations":[{"start":{"line":165,"column":20},"end":{"line":165,"column":34}},{"start":{"line":165,"column":20},"end":{"line":165,"column":34}}]},"11":{"loc":{"start":{"line":168,"column":4},"end":{"line":170,"column":null}},"type":"if","locations":[{"start":{"line":168,"column":4},"end":{"line":170,"column":null}},{"start":{"line":168,"column":4},"end":{"line":170,"column":null}}]},"12":{"loc":{"start":{"line":169,"column":57},"end":{"line":169,"column":63}},"type":"cond-expr","locations":[{"start":{"line":169,"column":57},"end":{"line":169,"column":63}},{"start":{"line":169,"column":66},"end":{"line":169,"column":72}}]},"13":{"loc":{"start":{"line":172,"column":59},"end":{"line":172,"column":65}},"type":"cond-expr","locations":[{"start":{"line":172,"column":59},"end":{"line":172,"column":65}},{"start":{"line":172,"column":68},"end":{"line":172,"column":74}}]},"14":{"loc":{"start":{"line":175,"column":37},"end":{"line":175,"column":80}},"type":"binary-expr","locations":[{"start":{"line":175,"column":37},"end":{"line":175,"column":80}},{"start":{"line":175,"column":84},"end":{"line":175,"column":136}}]},"15":{"loc":{"start":{"line":178,"column":2},"end":{"line":181,"column":null}},"type":"if","locations":[{"start":{"line":178,"column":2},"end":{"line":181,"column":null}},{"start":{"line":178,"column":2},"end":{"line":181,"column":null}}]},"16":{"loc":{"start":{"line":189,"column":4},"end":{"line":192,"column":null}},"type":"if","locations":[{"start":{"line":189,"column":4},"end":{"line":192,"column":null}},{"start":{"line":189,"column":4},"end":{"line":192,"column":null}}]},"17":{"loc":{"start":{"line":194,"column":105},"end":{"line":194,"column":107}},"type":"cond-expr","locations":[{"start":{"line":194,"column":105},"end":{"line":194,"column":107}},{"start":{"line":194,"column":105},"end":{"line":194,"column":124}}]},"18":{"loc":{"start":{"line":194,"column":48},"end":{"line":194,"column":107}},"type":"binary-expr","locations":[{"start":{"line":194,"column":48},"end":{"line":194,"column":107}},{"start":{"line":194,"column":105},"end":{"line":194,"column":107}}]},"19":{"loc":{"start":{"line":194,"column":83},"end":{"line":194,"column":85}},"type":"cond-expr","locations":[{"start":{"line":194,"column":83},"end":{"line":194,"column":85}},{"start":{"line":194,"column":83},"end":{"line":194,"column":105}}]},"20":{"loc":{"start":{"line":194,"column":48},"end":{"line":194,"column":85}},"type":"binary-expr","locations":[{"start":{"line":194,"column":48},"end":{"line":194,"column":85}},{"start":{"line":194,"column":83},"end":{"line":194,"column":85}}]},"21":{"loc":{"start":{"line":195,"column":2},"end":{"line":198,"column":null}},"type":"if","locations":[{"start":{"line":195,"column":2},"end":{"line":198,"column":null}},{"start":{"line":195,"column":2},"end":{"line":198,"column":null}}]},"22":{"loc":{"start":{"line":197,"column":63},"end":{"line":197,"column":104}},"type":"binary-expr","locations":[{"start":{"line":197,"column":63},"end":{"line":197,"column":104}},{"start":{"line":197,"column":108},"end":{"line":197,"column":132}}]},"23":{"loc":{"start":{"line":206,"column":4},"end":{"line":209,"column":null}},"type":"if","locations":[{"start":{"line":206,"column":4},"end":{"line":209,"column":null}},{"start":{"line":206,"column":4},"end":{"line":209,"column":null}}]},"24":{"loc":{"start":{"line":211,"column":109},"end":{"line":211,"column":111}},"type":"cond-expr","locations":[{"start":{"line":211,"column":109},"end":{"line":211,"column":111}},{"start":{"line":211,"column":109},"end":{"line":211,"column":134}}]},"25":{"loc":{"start":{"line":211,"column":52},"end":{"line":211,"column":111}},"type":"binary-expr","locations":[{"start":{"line":211,"column":52},"end":{"line":211,"column":111}},{"start":{"line":211,"column":109},"end":{"line":211,"column":111}}]},"26":{"loc":{"start":{"line":211,"column":87},"end":{"line":211,"column":89}},"type":"cond-expr","locations":[{"start":{"line":211,"column":87},"end":{"line":211,"column":89}},{"start":{"line":211,"column":87},"end":{"line":211,"column":109}}]},"27":{"loc":{"start":{"line":211,"column":52},"end":{"line":211,"column":89}},"type":"binary-expr","locations":[{"start":{"line":211,"column":52},"end":{"line":211,"column":89}},{"start":{"line":211,"column":87},"end":{"line":211,"column":89}}]},"28":{"loc":{"start":{"line":212,"column":2},"end":{"line":215,"column":null}},"type":"if","locations":[{"start":{"line":212,"column":2},"end":{"line":215,"column":null}},{"start":{"line":212,"column":2},"end":{"line":215,"column":null}}]},"29":{"loc":{"start":{"line":214,"column":63},"end":{"line":214,"column":104}},"type":"binary-expr","locations":[{"start":{"line":214,"column":63},"end":{"line":214,"column":104}},{"start":{"line":214,"column":108},"end":{"line":214,"column":132}}]},"30":{"loc":{"start":{"line":228,"column":20},"end":{"line":228,"column":22}},"type":"cond-expr","locations":[{"start":{"line":228,"column":20},"end":{"line":228,"column":22}},{"start":{"line":228,"column":15},"end":{"line":240,"column":4}}]},"31":{"loc":{"start":{"line":228,"column":15},"end":{"line":228,"column":22}},"type":"binary-expr","locations":[{"start":{"line":228,"column":15},"end":{"line":228,"column":22}},{"start":{"line":228,"column":15},"end":{"line":228,"column":22}}]},"32":{"loc":{"start":{"line":229,"column":4},"end":{"line":239,"column":null}},"type":"if","locations":[{"start":{"line":229,"column":4},"end":{"line":239,"column":null}},{"start":{"line":229,"column":4},"end":{"line":239,"column":null}}]},"33":{"loc":{"start":{"line":230,"column":6},"end":{"line":232,"column":null}},"type":"if","locations":[{"start":{"line":230,"column":6},"end":{"line":232,"column":null}},{"start":{"line":230,"column":6},"end":{"line":232,"column":null}}]},"34":{"loc":{"start":{"line":230,"column":10},"end":{"line":230,"column":29}},"type":"binary-expr","locations":[{"start":{"line":230,"column":10},"end":{"line":230,"column":29}},{"start":{"line":230,"column":33},"end":{"line":230,"column":54}}]},"35":{"loc":{"start":{"line":235,"column":23},"end":{"line":235,"column":41}},"type":"binary-expr","locations":[{"start":{"line":235,"column":23},"end":{"line":235,"column":41}},{"start":{"line":235,"column":45},"end":{"line":235,"column":65}}]},"36":{"loc":{"start":{"line":250,"column":24},"end":{"line":250,"column":26}},"type":"cond-expr","locations":[{"start":{"line":250,"column":24},"end":{"line":250,"column":26}},{"start":{"line":250,"column":4},"end":{"line":270,"column":6}}]},"37":{"loc":{"start":{"line":250,"column":4},"end":{"line":250,"column":26}},"type":"binary-expr","locations":[{"start":{"line":250,"column":4},"end":{"line":250,"column":26}},{"start":{"line":250,"column":4},"end":{"line":250,"column":26}}]},"38":{"loc":{"start":{"line":251,"column":61},"end":{"line":251,"column":63}},"type":"cond-expr","locations":[{"start":{"line":251,"column":61},"end":{"line":251,"column":63}},{"start":{"line":251,"column":61},"end":{"line":251,"column":83}}]},"39":{"loc":{"start":{"line":251,"column":35},"end":{"line":251,"column":63}},"type":"binary-expr","locations":[{"start":{"line":251,"column":35},"end":{"line":251,"column":63}},{"start":{"line":251,"column":61},"end":{"line":251,"column":63}}]},"40":{"loc":{"start":{"line":251,"column":43},"end":{"line":251,"column":45}},"type":"cond-expr","locations":[{"start":{"line":251,"column":43},"end":{"line":251,"column":45}},{"start":{"line":251,"column":35},"end":{"line":251,"column":61}}]},"41":{"loc":{"start":{"line":251,"column":35},"end":{"line":251,"column":45}},"type":"binary-expr","locations":[{"start":{"line":251,"column":35},"end":{"line":251,"column":45}},{"start":{"line":251,"column":35},"end":{"line":251,"column":45}}]},"42":{"loc":{"start":{"line":252,"column":74},"end":{"line":252,"column":76}},"type":"cond-expr","locations":[{"start":{"line":252,"column":74},"end":{"line":252,"column":76}},{"start":{"line":252,"column":54},"end":{"line":252,"column":96}}]},"43":{"loc":{"start":{"line":252,"column":54},"end":{"line":252,"column":76}},"type":"binary-expr","locations":[{"start":{"line":252,"column":54},"end":{"line":252,"column":76}},{"start":{"line":252,"column":54},"end":{"line":252,"column":76}}]},"44":{"loc":{"start":{"line":253,"column":77},"end":{"line":253,"column":79}},"type":"cond-expr","locations":[{"start":{"line":253,"column":77},"end":{"line":253,"column":79}},{"start":{"line":253,"column":57},"end":{"line":253,"column":111}}]},"45":{"loc":{"start":{"line":253,"column":57},"end":{"line":253,"column":79}},"type":"binary-expr","locations":[{"start":{"line":253,"column":57},"end":{"line":253,"column":79}},{"start":{"line":253,"column":57},"end":{"line":253,"column":79}}]},"46":{"loc":{"start":{"line":254,"column":6},"end":{"line":256,"column":null}},"type":"if","locations":[{"start":{"line":254,"column":6},"end":{"line":256,"column":null}},{"start":{"line":254,"column":6},"end":{"line":256,"column":null}}]},"47":{"loc":{"start":{"line":254,"column":10},"end":{"line":254,"column":50}},"type":"binary-expr","locations":[{"start":{"line":254,"column":10},"end":{"line":254,"column":50}},{"start":{"line":254,"column":54},"end":{"line":254,"column":97}}]},"48":{"loc":{"start":{"line":261,"column":8},"end":{"line":265,"column":null}},"type":"if","locations":[{"start":{"line":261,"column":8},"end":{"line":265,"column":null}},{"start":{"line":261,"column":8},"end":{"line":265,"column":null}}]},"49":{"loc":{"start":{"line":261,"column":12},"end":{"line":261,"column":51}},"type":"binary-expr","locations":[{"start":{"line":261,"column":12},"end":{"line":261,"column":51}},{"start":{"line":261,"column":55},"end":{"line":261,"column":88}}]},"50":{"loc":{"start":{"line":263,"column":15},"end":{"line":265,"column":null}},"type":"if","locations":[{"start":{"line":263,"column":15},"end":{"line":265,"column":null}},{"start":{"line":263,"column":15},"end":{"line":265,"column":null}}]},"51":{"loc":{"start":{"line":263,"column":19},"end":{"line":263,"column":61}},"type":"binary-expr","locations":[{"start":{"line":263,"column":19},"end":{"line":263,"column":61}},{"start":{"line":263,"column":65},"end":{"line":263,"column":101}}]},"52":{"loc":{"start":{"line":266,"column":8},"end":{"line":268,"column":null}},"type":"if","locations":[{"start":{"line":266,"column":8},"end":{"line":268,"column":null}},{"start":{"line":266,"column":8},"end":{"line":268,"column":null}}]},"53":{"loc":{"start":{"line":267,"column":60},"end":{"line":267,"column":91}},"type":"binary-expr","locations":[{"start":{"line":267,"column":60},"end":{"line":267,"column":91}},{"start":{"line":267,"column":95},"end":{"line":267,"column":109}}]},"54":{"loc":{"start":{"line":281,"column":75},"end":{"line":281,"column":null}},"type":"if","locations":[{"start":{"line":281,"column":75},"end":{"line":281,"column":null}},{"start":{"line":281,"column":75},"end":{"line":281,"column":null}}]},"55":{"loc":{"start":{"line":282,"column":2},"end":{"line":287,"column":5}},"type":"switch","locations":[{"start":{"line":282,"column":2},"end":{"line":287,"column":5}}]},"56":{"loc":{"start":{"line":288,"column":2},"end":{"line":290,"column":null}},"type":"if","locations":[{"start":{"line":288,"column":2},"end":{"line":290,"column":null}},{"start":{"line":288,"column":2},"end":{"line":290,"column":null}}]}},"s":{"0":1,"1":1,"2":1,"3":1,"4":1,"5":1,"6":368,"7":368,"8":1,"9":369,"10":367,"11":367,"12":367,"13":367,"14":367,"15":367,"16":367,"17":367,"18":367,"19":1,"20":1,"21":1,"22":367,"23":2202,"24":367,"25":367,"26":2202,"27":1101,"28":1101,"29":1101,"30":0,"31":1101,"32":0,"33":1,"34":1101,"35":4404,"36":4404,"37":363,"38":4041,"39":1101,"40":39,"41":1062,"42":1356,"43":1356,"44":1356,"45":0,"46":1356,"47":1062,"48":354,"49":1062,"50":1062,"51":1062,"52":1,"53":0,"54":0,"55":0,"56":0,"57":0,"58":0,"59":0,"60":0,"61":1,"62":0,"63":0,"64":0,"65":0,"66":0,"67":0,"68":0,"69":0,"70":1,"71":0,"72":0,"73":1,"74":1062,"75":1062,"76":1062,"77":0,"78":0,"79":0,"80":0,"81":0,"82":2124,"83":1,"84":367,"85":367,"86":367,"87":367,"88":0,"89":0,"90":0,"91":0,"92":0,"93":0,"94":0,"95":0,"96":0,"97":0,"98":0,"99":0,"100":0,"101":0,"102":0,"103":0,"104":1,"105":0,"106":0,"107":0,"108":0},"f":{"0":368,"1":367,"2":2202,"3":2202,"4":1101,"5":4404,"6":1356,"7":354,"8":0,"9":0,"10":0,"11":0,"12":0,"13":0,"14":1062,"15":1062,"16":1062,"17":0,"18":367,"19":0,"20":0,"21":0},"b":{"0":[1,367],"1":[1,367],"2":[1101,1101],"3":[0,1101],"4":[1101,0],"5":[0,1101],"6":[1101,0],"7":[363,4041],"8":[39,1062],"9":[0,1062],"10":[1062,1062],"11":[0,1356],"12":[0,0],"13":[0,1356],"14":[354,0],"15":[1062,0],"16":[0,0],"17":[0,0],"18":[0,0],"19":[0,0],"20":[0,0],"21":[0,0],"22":[0,0],"23":[0,0],"24":[0,0],"25":[0,0],"26":[0,0],"27":[0,0],"28":[0,0],"29":[0,0],"30":[0,1062],"31":[1062,1062],"32":[0,1062],"33":[0,0],"34":[0,0],"35":[0,0],"36":[0,367],"37":[367,367],"38":[0,0],"39":[0,0],"40":[0,0],"41":[0,0],"42":[0,0],"43":[0,0],"44":[0,0],"45":[0,0],"46":[0,0],"47":[0,0],"48":[0,0],"49":[0,0],"50":[0,0],"51":[0,0],"52":[0,0],"53":[0,0],"54":[0,0],"55":[0],"56":[0,0]}}
,"/github/workspace/src/pages/api/employeeTasks/[id].ts": {"path":"/github/workspace/src/pages/api/employeeTasks/[id].ts","statementMap":{"0":{"start":{"line":1,"column":0},"end":{"line":1,"column":47}},"1":{"start":{"line":2,"column":0},"end":{"line":2,"column":32}},"2":{"start":{"line":3,"column":0},"end":{"line":3,"column":36}},"3":{"start":{"line":8,"column":13},"end":{"line":12,"column":2}},"4":{"start":{"line":14,"column":0},"end":{"line":25,"column":3}},"5":{"start":{"line":16,"column":13},"end":{"line":16,"column":null}},"6":{"start":{"line":18,"column":2},"end":{"line":24,"column":null}},"7":{"start":{"line":19,"column":4},"end":{"line":19,"column":17}},"8":{"start":{"line":20,"column":9},"end":{"line":24,"column":null}},"9":{"start":{"line":21,"column":4},"end":{"line":21,"column":28}},"10":{"start":{"line":23,"column":4},"end":{"line":23,"column":56}},"11":{"start":{"line":31,"column":12},"end":{"line":97,"column":2}},"12":{"start":{"line":31,"column":26},"end":{"line":97,"column":2}},"13":{"start":{"line":33,"column":25},"end":{"line":85,"column":null}},"14":{"start":{"line":33,"column":10},"end":{"line":85,"column":null}},"15":{"start":{"line":86,"column":4},"end":{"line":88,"column":null}},"16":{"start":{"line":87,"column":6},"end":{"line":87,"column":24}},"17":{"start":{"line":89,"column":4},"end":{"line":89,"column":53}},"18":{"start":{"line":91,"column":4},"end":{"line":95,"column":null}},"19":{"start":{"line":92,"column":6},"end":{"line":92,"column":79}},"20":{"start":{"line":94,"column":6},"end":{"line":94,"column":103}},"21":{"start":{"line":113,"column":12},"end":{"line":163,"column":2}},"22":{"start":{"line":113,"column":37},"end":{"line":163,"column":2}},"23":{"start":{"line":115,"column":4},"end":{"line":115,"column":47}},"24":{"start":{"line":118,"column":25},"end":{"line":122,"column":null}},"25":{"start":{"line":118,"column":10},"end":{"line":122,"column":null}},"26":{"start":{"line":124,"column":32},"end":{"line":154,"column":null}},"27":{"start":{"line":124,"column":10},"end":{"line":154,"column":null}},"28":{"start":{"line":155,"column":4},"end":{"line":155,"column":60}},"29":{"start":{"line":157,"column":4},"end":{"line":161,"column":null}},"30":{"start":{"line":158,"column":6},"end":{"line":158,"column":79}},"31":{"start":{"line":160,"column":6},"end":{"line":160,"column":103}}},"fnMap":{"0":{"name":"(anonymous_16)","decl":{"start":{"line":14,"column":24},"end":{"line":14,"column":40}},"loc":{"start":{"line":14,"column":87},"end":{"line":25,"column":2}}},"1":{"name":"(anonymous_19)","decl":{"start":{"line":31,"column":12},"end":{"line":31,"column":19}},"loc":{"start":{"line":31,"column":26},"end":{"line":97,"column":2}}},"2":{"name":"(anonymous_20)","decl":{"start":{"line":31,"column":26},"end":{"line":31,"column":null}},"loc":{"start":{"line":31,"column":26},"end":{"line":97,"column":2}}},"3":{"name":"(anonymous_22)","decl":{"start":{"line":113,"column":12},"end":{"line":113,"column":19}},"loc":{"start":{"line":113,"column":37},"end":{"line":163,"column":2}}},"4":{"name":"(anonymous_23)","decl":{"start":{"line":113,"column":37},"end":{"line":113,"column":null}},"loc":{"start":{"line":113,"column":37},"end":{"line":163,"column":2}}}},"branchMap":{"0":{"loc":{"start":{"line":18,"column":2},"end":{"line":24,"column":null}},"type":"if","locations":[{"start":{"line":18,"column":2},"end":{"line":24,"column":null}},{"start":{"line":18,"column":2},"end":{"line":24,"column":null}}]},"1":{"loc":{"start":{"line":20,"column":9},"end":{"line":24,"column":null}},"type":"if","locations":[{"start":{"line":20,"column":9},"end":{"line":24,"column":null}},{"start":{"line":20,"column":9},"end":{"line":24,"column":null}}]},"2":{"loc":{"start":{"line":86,"column":4},"end":{"line":88,"column":null}},"type":"if","locations":[{"start":{"line":86,"column":4},"end":{"line":88,"column":null}},{"start":{"line":86,"column":4},"end":{"line":88,"column":null}}]},"3":{"loc":{"start":{"line":91,"column":4},"end":{"line":95,"column":null}},"type":"if","locations":[{"start":{"line":91,"column":4},"end":{"line":95,"column":null}},{"start":{"line":91,"column":4},"end":{"line":95,"column":null}}]},"4":{"loc":{"start":{"line":92,"column":68},"end":{"line":92,"column":70}},"type":"cond-expr","locations":[{"start":{"line":92,"column":68},"end":{"line":92,"column":70}},{"start":{"line":92,"column":68},"end":{"line":92,"column":75}}]},"5":{"loc":{"start":{"line":92,"column":59},"end":{"line":92,"column":70}},"type":"binary-expr","locations":[{"start":{"line":92,"column":59},"end":{"line":92,"column":70}},{"start":{"line":92,"column":68},"end":{"line":92,"column":70}}]},"6":{"loc":{"start":{"line":92,"column":62},"end":{"line":92,"column":64}},"type":"cond-expr","locations":[{"start":{"line":92,"column":62},"end":{"line":92,"column":64}},{"start":{"line":92,"column":59},"end":{"line":92,"column":68}}]},"7":{"loc":{"start":{"line":92,"column":59},"end":{"line":92,"column":64}},"type":"binary-expr","locations":[{"start":{"line":92,"column":59},"end":{"line":92,"column":64}},{"start":{"line":92,"column":59},"end":{"line":92,"column":64}}]},"8":{"loc":{"start":{"line":136,"column":12},"end":{"line":136,"column":56}},"type":"binary-expr","locations":[{"start":{"line":136,"column":12},"end":{"line":136,"column":56}},{"start":{"line":136,"column":56},"end":{"line":151,"column":null}}]},"9":{"loc":{"start":{"line":138,"column":14},"end":{"line":145,"column":null}},"type":"cond-expr","locations":[{"start":{"line":138,"column":14},"end":{"line":145,"column":null}},{"start":{"line":146,"column":14},"end":{"line":151,"column":16}}]},"10":{"loc":{"start":{"line":157,"column":4},"end":{"line":161,"column":null}},"type":"if","locations":[{"start":{"line":157,"column":4},"end":{"line":161,"column":null}},{"start":{"line":157,"column":4},"end":{"line":161,"column":null}}]},"11":{"loc":{"start":{"line":158,"column":68},"end":{"line":158,"column":70}},"type":"cond-expr","locations":[{"start":{"line":158,"column":68},"end":{"line":158,"column":70}},{"start":{"line":158,"column":68},"end":{"line":158,"column":75}}]},"12":{"loc":{"start":{"line":158,"column":59},"end":{"line":158,"column":70}},"type":"binary-expr","locations":[{"start":{"line":158,"column":59},"end":{"line":158,"column":70}},{"start":{"line":158,"column":68},"end":{"line":158,"column":70}}]},"13":{"loc":{"start":{"line":158,"column":62},"end":{"line":158,"column":64}},"type":"cond-expr","locations":[{"start":{"line":158,"column":62},"end":{"line":158,"column":64}},{"start":{"line":158,"column":59},"end":{"line":158,"column":68}}]},"14":{"loc":{"start":{"line":158,"column":59},"end":{"line":158,"column":64}},"type":"binary-expr","locations":[{"start":{"line":158,"column":59},"end":{"line":158,"column":64}},{"start":{"line":158,"column":59},"end":{"line":158,"column":64}}]}},"s":{"0":1,"1":1,"2":1,"3":1,"4":1,"5":5,"6":5,"7":2,"8":3,"9":2,"10":1,"11":1,"12":2,"13":2,"14":2,"15":2,"16":1,"17":1,"18":1,"19":1,"20":0,"21":1,"22":2,"23":2,"24":2,"25":2,"26":2,"27":1,"28":1,"29":1,"30":1,"31":0},"f":{"0":5,"1":2,"2":2,"3":2,"4":2},"b":{"0":[2,3],"1":[2,1],"2":[1,1],"3":[1,0],"4":[1,0],"5":[1,1],"6":[0,1],"7":[1,1],"8":[2,1],"9":[1,0],"10":[1,0],"11":[1,0],"12":[1,1],"13":[0,1],"14":[1,1]}}
,"/github/workspace/src/pages/api/phases/[phase_id].ts": {"path":"/github/workspace/src/pages/api/phases/[phase_id].ts","statementMap":{"0":{"start":{"line":1,"column":0},"end":{"line":1,"column":47}},"1":{"start":{"line":2,"column":0},"end":{"line":2,"column":32}},"2":{"start":{"line":3,"column":0},"end":{"line":3,"column":36}},"3":{"start":{"line":7,"column":13},"end":{"line":11,"column":2}},"4":{"start":{"line":13,"column":0},"end":{"line":26,"column":3}},"5":{"start":{"line":15,"column":13},"end":{"line":15,"column":null}},"6":{"start":{"line":17,"column":2},"end":{"line":25,"column":null}},"7":{"start":{"line":18,"column":4},"end":{"line":18,"column":23}},"8":{"start":{"line":19,"column":9},"end":{"line":25,"column":null}},"9":{"start":{"line":20,"column":4},"end":{"line":20,"column":28}},"10":{"start":{"line":21,"column":9},"end":{"line":25,"column":null}},"11":{"start":{"line":22,"column":4},"end":{"line":22,"column":26}},"12":{"start":{"line":24,"column":4},"end":{"line":24,"column":56}},"13":{"start":{"line":32,"column":12},"end":{"line":56,"column":2}},"14":{"start":{"line":32,"column":32},"end":{"line":56,"column":2}},"15":{"start":{"line":34,"column":18},"end":{"line":44,"column":null}},"16":{"start":{"line":34,"column":10},"end":{"line":44,"column":null}},"17":{"start":{"line":45,"column":4},"end":{"line":47,"column":null}},"18":{"start":{"line":46,"column":6},"end":{"line":46,"column":24}},"19":{"start":{"line":48,"column":4},"end":{"line":48,"column":46}},"20":{"start":{"line":50,"column":4},"end":{"line":54,"column":null}},"21":{"start":{"line":51,"column":6},"end":{"line":51,"column":79}},"22":{"start":{"line":53,"column":6},"end":{"line":53,"column":103}},"23":{"start":{"line":63,"column":12},"end":{"line":86,"column":2}},"24":{"start":{"line":63,"column":37},"end":{"line":86,"column":2}},"25":{"start":{"line":65,"column":12},"end":{"line":65,"column":null}},"26":{"start":{"line":68,"column":25},"end":{"line":77,"column":null}},"27":{"start":{"line":68,"column":10},"end":{"line":77,"column":null}},"28":{"start":{"line":78,"column":4},"end":{"line":78,"column":53}},"29":{"start":{"line":80,"column":4},"end":{"line":84,"column":null}},"30":{"start":{"line":81,"column":6},"end":{"line":81,"column":79}},"31":{"start":{"line":83,"column":6},"end":{"line":83,"column":103}},"32":{"start":{"line":91,"column":15},"end":{"line":110,"column":2}},"33":{"start":{"line":91,"column":35},"end":{"line":110,"column":2}},"34":{"start":{"line":93,"column":4},"end":{"line":100,"column":7}},"35":{"start":{"line":101,"column":25},"end":{"line":101,"column":null}},"36":{"start":{"line":101,"column":10},"end":{"line":101,"column":null}},"37":{"start":{"line":102,"column":4},"end":{"line":102,"column":53}},"38":{"start":{"line":104,"column":4},"end":{"line":108,"column":null}},"39":{"start":{"line":105,"column":6},"end":{"line":105,"column":79}},"40":{"start":{"line":107,"column":6},"end":{"line":107,"column":103}}},"fnMap":{"0":{"name":"(anonymous_14)","decl":{"start":{"line":13,"column":24},"end":{"line":13,"column":40}},"loc":{"start":{"line":13,"column":81},"end":{"line":26,"column":2}}},"1":{"name":"(anonymous_17)","decl":{"start":{"line":32,"column":12},"end":{"line":32,"column":19}},"loc":{"start":{"line":32,"column":32},"end":{"line":56,"column":2}}},"2":{"name":"(anonymous_18)","decl":{"start":{"line":32,"column":32},"end":{"line":32,"column":null}},"loc":{"start":{"line":32,"column":32},"end":{"line":56,"column":2}}},"3":{"name":"(anonymous_20)","decl":{"start":{"line":63,"column":12},"end":{"line":63,"column":19}},"loc":{"start":{"line":63,"column":37},"end":{"line":86,"column":2}}},"4":{"name":"(anonymous_21)","decl":{"start":{"line":63,"column":37},"end":{"line":63,"column":null}},"loc":{"start":{"line":63,"column":37},"end":{"line":86,"column":2}}},"5":{"name":"(anonymous_23)","decl":{"start":{"line":91,"column":15},"end":{"line":91,"column":22}},"loc":{"start":{"line":91,"column":35},"end":{"line":110,"column":2}}},"6":{"name":"(anonymous_24)","decl":{"start":{"line":91,"column":35},"end":{"line":91,"column":null}},"loc":{"start":{"line":91,"column":35},"end":{"line":110,"column":2}}}},"branchMap":{"0":{"loc":{"start":{"line":17,"column":2},"end":{"line":25,"column":null}},"type":"if","locations":[{"start":{"line":17,"column":2},"end":{"line":25,"column":null}},{"start":{"line":17,"column":2},"end":{"line":25,"column":null}}]},"1":{"loc":{"start":{"line":19,"column":9},"end":{"line":25,"column":null}},"type":"if","locations":[{"start":{"line":19,"column":9},"end":{"line":25,"column":null}},{"start":{"line":19,"column":9},"end":{"line":25,"column":null}}]},"2":{"loc":{"start":{"line":21,"column":9},"end":{"line":25,"column":null}},"type":"if","locations":[{"start":{"line":21,"column":9},"end":{"line":25,"column":null}},{"start":{"line":21,"column":9},"end":{"line":25,"column":null}}]},"3":{"loc":{"start":{"line":45,"column":4},"end":{"line":47,"column":null}},"type":"if","locations":[{"start":{"line":45,"column":4},"end":{"line":47,"column":null}},{"start":{"line":45,"column":4},"end":{"line":47,"column":null}}]},"4":{"loc":{"start":{"line":50,"column":4},"end":{"line":54,"column":null}},"type":"if","locations":[{"start":{"line":50,"column":4},"end":{"line":54,"column":null}},{"start":{"line":50,"column":4},"end":{"line":54,"column":null}}]},"5":{"loc":{"start":{"line":51,"column":68},"end":{"line":51,"column":70}},"type":"cond-expr","locations":[{"start":{"line":51,"column":68},"end":{"line":51,"column":70}},{"start":{"line":51,"column":68},"end":{"line":51,"column":75}}]},"6":{"loc":{"start":{"line":51,"column":59},"end":{"line":51,"column":70}},"type":"binary-expr","locations":[{"start":{"line":51,"column":59},"end":{"line":51,"column":70}},{"start":{"line":51,"column":68},"end":{"line":51,"column":70}}]},"7":{"loc":{"start":{"line":51,"column":62},"end":{"line":51,"column":64}},"type":"cond-expr","locations":[{"start":{"line":51,"column":62},"end":{"line":51,"column":64}},{"start":{"line":51,"column":59},"end":{"line":51,"column":68}}]},"8":{"loc":{"start":{"line":51,"column":59},"end":{"line":51,"column":64}},"type":"binary-expr","locations":[{"start":{"line":51,"column":59},"end":{"line":51,"column":64}},{"start":{"line":51,"column":59},"end":{"line":51,"column":64}}]},"9":{"loc":{"start":{"line":80,"column":4},"end":{"line":84,"column":null}},"type":"if","locations":[{"start":{"line":80,"column":4},"end":{"line":84,"column":null}},{"start":{"line":80,"column":4},"end":{"line":84,"column":null}}]},"10":{"loc":{"start":{"line":81,"column":68},"end":{"line":81,"column":70}},"type":"cond-expr","locations":[{"start":{"line":81,"column":68},"end":{"line":81,"column":70}},{"start":{"line":81,"column":68},"end":{"line":81,"column":75}}]},"11":{"loc":{"start":{"line":81,"column":59},"end":{"line":81,"column":70}},"type":"binary-expr","locations":[{"start":{"line":81,"column":59},"end":{"line":81,"column":70}},{"start":{"line":81,"column":68},"end":{"line":81,"column":70}}]},"12":{"loc":{"start":{"line":81,"column":62},"end":{"line":81,"column":64}},"type":"cond-expr","locations":[{"start":{"line":81,"column":62},"end":{"line":81,"column":64}},{"start":{"line":81,"column":59},"end":{"line":81,"column":68}}]},"13":{"loc":{"start":{"line":81,"column":59},"end":{"line":81,"column":64}},"type":"binary-expr","locations":[{"start":{"line":81,"column":59},"end":{"line":81,"column":64}},{"start":{"line":81,"column":59},"end":{"line":81,"column":64}}]},"14":{"loc":{"start":{"line":104,"column":4},"end":{"line":108,"column":null}},"type":"if","locations":[{"start":{"line":104,"column":4},"end":{"line":108,"column":null}},{"start":{"line":104,"column":4},"end":{"line":108,"column":null}}]},"15":{"loc":{"start":{"line":105,"column":68},"end":{"line":105,"column":70}},"type":"cond-expr","locations":[{"start":{"line":105,"column":68},"end":{"line":105,"column":70}},{"start":{"line":105,"column":68},"end":{"line":105,"column":75}}]},"16":{"loc":{"start":{"line":105,"column":59},"end":{"line":105,"column":70}},"type":"binary-expr","locations":[{"start":{"line":105,"column":59},"end":{"line":105,"column":70}},{"start":{"line":105,"column":68},"end":{"line":105,"column":70}}]},"17":{"loc":{"start":{"line":105,"column":62},"end":{"line":105,"column":64}},"type":"cond-expr","locations":[{"start":{"line":105,"column":62},"end":{"line":105,"column":64}},{"start":{"line":105,"column":59},"end":{"line":105,"column":68}}]},"18":{"loc":{"start":{"line":105,"column":59},"end":{"line":105,"column":64}},"type":"binary-expr","locations":[{"start":{"line":105,"column":59},"end":{"line":105,"column":64}},{"start":{"line":105,"column":59},"end":{"line":105,"column":64}}]}},"s":{"0":1,"1":1,"2":1,"3":1,"4":1,"5":5,"6":5,"7":2,"8":3,"9":1,"10":2,"11":1,"12":1,"13":1,"14":2,"15":2,"16":2,"17":2,"18":1,"19":1,"20":1,"21":1,"22":0,"23":1,"24":1,"25":1,"26":1,"27":1,"28":1,"29":0,"30":0,"31":0,"32":1,"33":1,"34":2,"35":1,"36":1,"37":1,"38":0,"39":0,"40":0},"f":{"0":5,"1":2,"2":2,"3":1,"4":1,"5":1,"6":1},"b":{"0":[2,3],"1":[1,2],"2":[1,1],"3":[1,1],"4":[1,0],"5":[1,0],"6":[1,1],"7":[0,1],"8":[1,1],"9":[0,0],"10":[0,0],"11":[0,0],"12":[0,0],"13":[0,0],"14":[0,0],"15":[0,0],"16":[0,0],"17":[0,0],"18":[0,0]}}
,"/github/workspace/src/pages/api/tasks/[task_id].ts": {"path":"/github/workspace/src/pages/api/tasks/[task_id].ts","statementMap":{"0":{"start":{"line":1,"column":0},"end":{"line":1,"column":47}},"1":{"start":{"line":2,"column":0},"end":{"line":2,"column":32}},"2":{"start":{"line":3,"column":0},"end":{"line":3,"column":36}},"3":{"start":{"line":8,"column":13},"end":{"line":12,"column":2}},"4":{"start":{"line":14,"column":0},"end":{"line":27,"column":3}},"5":{"start":{"line":16,"column":13},"end":{"line":16,"column":null}},"6":{"start":{"line":18,"column":2},"end":{"line":26,"column":null}},"7":{"start":{"line":19,"column":4},"end":{"line":19,"column":22}},"8":{"start":{"line":20,"column":9},"end":{"line":26,"column":null}},"9":{"start":{"line":21,"column":4},"end":{"line":21,"column":27}},"10":{"start":{"line":22,"column":9},"end":{"line":26,"column":null}},"11":{"start":{"line":23,"column":4},"end":{"line":23,"column":25}},"12":{"start":{"line":25,"column":4},"end":{"line":25,"column":56}},"13":{"start":{"line":34,"column":12},"end":{"line":80,"column":2}},"14":{"start":{"line":34,"column":31},"end":{"line":80,"column":2}},"15":{"start":{"line":36,"column":17},"end":{"line":67,"column":null}},"16":{"start":{"line":36,"column":10},"end":{"line":67,"column":null}},"17":{"start":{"line":68,"column":4},"end":{"line":72,"column":null}},"18":{"start":{"line":69,"column":6},"end":{"line":69,"column":43}},"19":{"start":{"line":71,"column":6},"end":{"line":71,"column":47}},"20":{"start":{"line":74,"column":4},"end":{"line":78,"column":null}},"21":{"start":{"line":75,"column":6},"end":{"line":75,"column":79}},"22":{"start":{"line":77,"column":6},"end":{"line":77,"column":103}},"23":{"start":{"line":90,"column":12},"end":{"line":155,"column":2}},"24":{"start":{"line":90,"column":36},"end":{"line":155,"column":2}},"25":{"start":{"line":92,"column":4},"end":{"line":92,"column":35}},"26":{"start":{"line":95,"column":20},"end":{"line":102,"column":null}},"27":{"start":{"line":95,"column":10},"end":{"line":102,"column":null}},"28":{"start":{"line":103,"column":24},"end":{"line":146,"column":null}},"29":{"start":{"line":132,"column":57},"end":{"line":139,"column":13}},"30":{"start":{"line":143,"column":56},"end":{"line":143,"column":80}},"31":{"start":{"line":103,"column":10},"end":{"line":146,"column":null}},"32":{"start":{"line":147,"column":4},"end":{"line":147,"column":52}},"33":{"start":{"line":149,"column":4},"end":{"line":153,"column":null}},"34":{"start":{"line":150,"column":6},"end":{"line":150,"column":79}},"35":{"start":{"line":152,"column":6},"end":{"line":152,"column":103}},"36":{"start":{"line":160,"column":15},"end":{"line":171,"column":2}},"37":{"start":{"line":160,"column":34},"end":{"line":171,"column":2}},"38":{"start":{"line":162,"column":24},"end":{"line":162,"column":null}},"39":{"start":{"line":162,"column":10},"end":{"line":162,"column":null}},"40":{"start":{"line":163,"column":4},"end":{"line":163,"column":52}},"41":{"start":{"line":165,"column":4},"end":{"line":169,"column":null}},"42":{"start":{"line":166,"column":6},"end":{"line":166,"column":79}},"43":{"start":{"line":168,"column":6},"end":{"line":168,"column":103}}},"fnMap":{"0":{"name":"(anonymous_16)","decl":{"start":{"line":14,"column":24},"end":{"line":14,"column":40}},"loc":{"start":{"line":14,"column":81},"end":{"line":27,"column":2}}},"1":{"name":"(anonymous_19)","decl":{"start":{"line":34,"column":12},"end":{"line":34,"column":19}},"loc":{"start":{"line":34,"column":31},"end":{"line":80,"column":2}}},"2":{"name":"(anonymous_20)","decl":{"start":{"line":34,"column":31},"end":{"line":34,"column":null}},"loc":{"start":{"line":34,"column":31},"end":{"line":80,"column":2}}},"3":{"name":"(anonymous_22)","decl":{"start":{"line":90,"column":12},"end":{"line":90,"column":19}},"loc":{"start":{"line":90,"column":36},"end":{"line":155,"column":2}}},"4":{"name":"(anonymous_23)","decl":{"start":{"line":90,"column":36},"end":{"line":90,"column":null}},"loc":{"start":{"line":90,"column":36},"end":{"line":155,"column":2}}},"5":{"name":"(anonymous_25)","decl":{"start":{"line":132,"column":42},"end":{"line":132,"column":43}},"loc":{"start":{"line":132,"column":52},"end":{"line":132,"column":58}}},"6":{"name":"(anonymous_26)","decl":{"start":{"line":143,"column":40},"end":{"line":143,"column":41}},"loc":{"start":{"line":143,"column":51},"end":{"line":143,"column":57}}},"7":{"name":"(anonymous_27)","decl":{"start":{"line":160,"column":15},"end":{"line":160,"column":22}},"loc":{"start":{"line":160,"column":34},"end":{"line":171,"column":2}}},"8":{"name":"(anonymous_28)","decl":{"start":{"line":160,"column":34},"end":{"line":160,"column":null}},"loc":{"start":{"line":160,"column":34},"end":{"line":171,"column":2}}}},"branchMap":{"0":{"loc":{"start":{"line":18,"column":2},"end":{"line":26,"column":null}},"type":"if","locations":[{"start":{"line":18,"column":2},"end":{"line":26,"column":null}},{"start":{"line":18,"column":2},"end":{"line":26,"column":null}}]},"1":{"loc":{"start":{"line":20,"column":9},"end":{"line":26,"column":null}},"type":"if","locations":[{"start":{"line":20,"column":9},"end":{"line":26,"column":null}},{"start":{"line":20,"column":9},"end":{"line":26,"column":null}}]},"2":{"loc":{"start":{"line":22,"column":9},"end":{"line":26,"column":null}},"type":"if","locations":[{"start":{"line":22,"column":9},"end":{"line":26,"column":null}},{"start":{"line":22,"column":9},"end":{"line":26,"column":null}}]},"3":{"loc":{"start":{"line":68,"column":4},"end":{"line":72,"column":null}},"type":"if","locations":[{"start":{"line":68,"column":4},"end":{"line":72,"column":null}},{"start":{"line":68,"column":4},"end":{"line":72,"column":null}}]},"4":{"loc":{"start":{"line":74,"column":4},"end":{"line":78,"column":null}},"type":"if","locations":[{"start":{"line":74,"column":4},"end":{"line":78,"column":null}},{"start":{"line":74,"column":4},"end":{"line":78,"column":null}}]},"5":{"loc":{"start":{"line":75,"column":68},"end":{"line":75,"column":70}},"type":"cond-expr","locations":[{"start":{"line":75,"column":68},"end":{"line":75,"column":70}},{"start":{"line":75,"column":68},"end":{"line":75,"column":75}}]},"6":{"loc":{"start":{"line":75,"column":59},"end":{"line":75,"column":70}},"type":"binary-expr","locations":[{"start":{"line":75,"column":59},"end":{"line":75,"column":70}},{"start":{"line":75,"column":68},"end":{"line":75,"column":70}}]},"7":{"loc":{"start":{"line":75,"column":62},"end":{"line":75,"column":64}},"type":"cond-expr","locations":[{"start":{"line":75,"column":62},"end":{"line":75,"column":64}},{"start":{"line":75,"column":59},"end":{"line":75,"column":68}}]},"8":{"loc":{"start":{"line":75,"column":59},"end":{"line":75,"column":64}},"type":"binary-expr","locations":[{"start":{"line":75,"column":59},"end":{"line":75,"column":64}},{"start":{"line":75,"column":59},"end":{"line":75,"column":64}}]},"9":{"loc":{"start":{"line":118,"column":12},"end":{"line":124,"column":null}},"type":"cond-expr","locations":[{"start":{"line":118,"column":12},"end":{"line":124,"column":null}},{"start":{"line":125,"column":12},"end":{"line":129,"column":14}}]},"10":{"loc":{"start":{"line":125,"column":12},"end":{"line":125,"column":42}},"type":"binary-expr","locations":[{"start":{"line":125,"column":12},"end":{"line":125,"column":42}},{"start":{"line":125,"column":46},"end":{"line":129,"column":14}}]},"11":{"loc":{"start":{"line":132,"column":36},"end":{"line":132,"column":38}},"type":"cond-expr","locations":[{"start":{"line":132,"column":36},"end":{"line":132,"column":38}},{"start":{"line":132,"column":36},"end":{"line":139,"column":13}}]},"12":{"loc":{"start":{"line":132,"column":27},"end":{"line":132,"column":38}},"type":"binary-expr","locations":[{"start":{"line":132,"column":27},"end":{"line":132,"column":38}},{"start":{"line":132,"column":36},"end":{"line":132,"column":38}}]},"13":{"loc":{"start":{"line":149,"column":4},"end":{"line":153,"column":null}},"type":"if","locations":[{"start":{"line":149,"column":4},"end":{"line":153,"column":null}},{"start":{"line":149,"column":4},"end":{"line":153,"column":null}}]},"14":{"loc":{"start":{"line":150,"column":68},"end":{"line":150,"column":70}},"type":"cond-expr","locations":[{"start":{"line":150,"column":68},"end":{"line":150,"column":70}},{"start":{"line":150,"column":68},"end":{"line":150,"column":75}}]},"15":{"loc":{"start":{"line":150,"column":59},"end":{"line":150,"column":70}},"type":"binary-expr","locations":[{"start":{"line":150,"column":59},"end":{"line":150,"column":70}},{"start":{"line":150,"column":68},"end":{"line":150,"column":70}}]},"16":{"loc":{"start":{"line":150,"column":62},"end":{"line":150,"column":64}},"type":"cond-expr","locations":[{"start":{"line":150,"column":62},"end":{"line":150,"column":64}},{"start":{"line":150,"column":59},"end":{"line":150,"column":68}}]},"17":{"loc":{"start":{"line":150,"column":59},"end":{"line":150,"column":64}},"type":"binary-expr","locations":[{"start":{"line":150,"column":59},"end":{"line":150,"column":64}},{"start":{"line":150,"column":59},"end":{"line":150,"column":64}}]},"18":{"loc":{"start":{"line":165,"column":4},"end":{"line":169,"column":null}},"type":"if","locations":[{"start":{"line":165,"column":4},"end":{"line":169,"column":null}},{"start":{"line":165,"column":4},"end":{"line":169,"column":null}}]},"19":{"loc":{"start":{"line":166,"column":68},"end":{"line":166,"column":70}},"type":"cond-expr","locations":[{"start":{"line":166,"column":68},"end":{"line":166,"column":70}},{"start":{"line":166,"column":68},"end":{"line":166,"column":75}}]},"20":{"loc":{"start":{"line":166,"column":59},"end":{"line":166,"column":70}},"type":"binary-expr","locations":[{"start":{"line":166,"column":59},"end":{"line":166,"column":70}},{"start":{"line":166,"column":68},"end":{"line":166,"column":70}}]},"21":{"loc":{"start":{"line":166,"column":62},"end":{"line":166,"column":64}},"type":"cond-expr","locations":[{"start":{"line":166,"column":62},"end":{"line":166,"column":64}},{"start":{"line":166,"column":59},"end":{"line":166,"column":68}}]},"22":{"loc":{"start":{"line":166,"column":59},"end":{"line":166,"column":64}},"type":"binary-expr","locations":[{"start":{"line":166,"column":59},"end":{"line":166,"column":64}},{"start":{"line":166,"column":59},"end":{"line":166,"column":64}}]}},"s":{"0":1,"1":1,"2":1,"3":1,"4":1,"5":5,"6":5,"7":2,"8":3,"9":1,"10":2,"11":2,"12":0,"13":1,"14":2,"15":2,"16":2,"17":2,"18":1,"19":1,"20":1,"21":1,"22":0,"23":1,"24":1,"25":1,"26":1,"27":1,"28":1,"29":0,"30":0,"31":1,"32":1,"33":0,"34":0,"35":0,"36":1,"37":2,"38":2,"39":2,"40":1,"41":1,"42":1,"43":0},"f":{"0":5,"1":2,"2":2,"3":1,"4":1,"5":0,"6":0,"7":2,"8":2},"b":{"0":[2,3],"1":[1,2],"2":[2,0],"3":[1,1],"4":[1,0],"5":[1,0],"6":[1,1],"7":[0,1],"8":[1,1],"9":[0,1],"10":[1,0],"11":[1,0],"12":[1,1],"13":[0,0],"14":[0,0],"15":[0,0],"16":[0,0],"17":[0,0],"18":[1,0],"19":[0,1],"20":[1,1],"21":[0,1],"22":[1,1]}}
,"/github/workspace/src/utils/types.ts": {"path":"/github/workspace/src/utils/types.ts","statementMap":{"0":{"start":{"line":52,"column":0},"end":{"line":52,"column":null}},"1":{"start":{"line":53,"column":2},"end":{"line":53,"column":null}},"2":{"start":{"line":54,"column":2},"end":{"line":54,"column":null}},"3":{"start":{"line":55,"column":2},"end":{"line":55,"column":null}},"4":{"start":{"line":56,"column":2},"end":{"line":56,"column":null}},"5":{"start":{"line":57,"column":2},"end":{"line":57,"column":null}},"6":{"start":{"line":61,"column":0},"end":{"line":61,"column":null}},"7":{"start":{"line":62,"column":2},"end":{"line":62,"column":null}},"8":{"start":{"line":63,"column":2},"end":{"line":63,"column":null}},"9":{"start":{"line":64,"column":2},"end":{"line":64,"column":null}},"10":{"start":{"line":65,"column":2},"end":{"line":65,"column":null}},"11":{"start":{"line":66,"column":2},"end":{"line":66,"column":null}},"12":{"start":{"line":195,"column":0},"end":{"line":195,"column":null}},"13":{"start":{"line":196,"column":2},"end":{"line":196,"column":null}},"14":{"start":{"line":197,"column":2},"end":{"line":197,"column":null}},"15":{"start":{"line":201,"column":0},"end":{"line":201,"column":null}},"16":{"start":{"line":202,"column":2},"end":{"line":202,"column":null}},"17":{"start":{"line":206,"column":0},"end":{"line":206,"column":null}},"18":{"start":{"line":207,"column":2},"end":{"line":207,"column":null}},"19":{"start":{"line":208,"column":2},"end":{"line":208,"column":null}},"20":{"start":{"line":209,"column":2},"end":{"line":209,"column":null}}},"fnMap":{"0":{"name":"(anonymous_0)","decl":{"start":{"line":52,"column":0},"end":{"line":52,"column":12}},"loc":{"start":{"line":52,"column":28},"end":{"line":58,"column":1}}},"1":{"name":"(anonymous_1)","decl":{"start":{"line":61,"column":0},"end":{"line":61,"column":12}},"loc":{"start":{"line":61,"column":32},"end":{"line":67,"column":1}}},"2":{"name":"(anonymous_2)","decl":{"start":{"line":195,"column":0},"end":{"line":195,"column":12}},"loc":{"start":{"line":195,"column":18},"end":{"line":198,"column":1}}},"3":{"name":"(anonymous_3)","decl":{"start":{"line":201,"column":0},"end":{"line":201,"column":12}},"loc":{"start":{"line":201,"column":19},"end":{"line":203,"column":1}}},"4":{"name":"(anonymous_4)","decl":{"start":{"line":206,"column":0},"end":{"line":206,"column":12}},"loc":{"start":{"line":206,"column":19},"end":{"line":210,"column":1}}}},"branchMap":{"0":{"loc":{"start":{"line":52,"column":12},"end":{"line":52,"column":28}},"type":"binary-expr","locations":[{"start":{"line":52,"column":12},"end":{"line":52,"column":28}},{"start":{"line":52,"column":12},"end":{"line":52,"column":null}}]},"1":{"loc":{"start":{"line":61,"column":12},"end":{"line":61,"column":32}},"type":"binary-expr","locations":[{"start":{"line":61,"column":12},"end":{"line":61,"column":32}},{"start":{"line":61,"column":12},"end":{"line":61,"column":null}}]},"2":{"loc":{"start":{"line":195,"column":12},"end":{"line":195,"column":18}},"type":"binary-expr","locations":[{"start":{"line":195,"column":12},"end":{"line":195,"column":18}},{"start":{"line":195,"column":12},"end":{"line":195,"column":null}}]},"3":{"loc":{"start":{"line":201,"column":12},"end":{"line":201,"column":19}},"type":"binary-expr","locations":[{"start":{"line":201,"column":12},"end":{"line":201,"column":19}},{"start":{"line":201,"column":12},"end":{"line":201,"column":null}}]},"4":{"loc":{"start":{"line":206,"column":12},"end":{"line":206,"column":19}},"type":"binary-expr","locations":[{"start":{"line":206,"column":12},"end":{"line":206,"column":19}},{"start":{"line":206,"column":12},"end":{"line":206,"column":null}}]}},"s":{"0":1,"1":1,"2":1,"3":1,"4":1,"5":1,"6":1,"7":1,"8":1,"9":1,"10":1,"11":1,"12":1,"13":1,"14":1,"15":1,"16":1,"17":1,"18":1,"19":1,"20":1},"f":{"0":1,"1":1,"2":1,"3":1,"4":1},"b":{"0":[1,1],"1":[1,1],"2":[1,1],"3":[1,1],"4":[1,1]}}
}
