TN:
SF:__tests__/factories/employee.factory.ts
FN:6,(anonymous_14)
FNF:1
FNH:1
FNDA:8,(anonymous_14)
DA:1,3
DA:3,3
DA:4,3
DA:6,7
DA:7,4
DA:9,4
DA:19,4
DA:29,4
LF:8
LH:8
BRDA:7,0,0,4
BRF:1
BRH:1
end_of_record
TN:
SF:__tests__/factories/employeeTask.factory.ts
FN:5,(anonymous_14)
FNF:1
FNH:1
FNDA:2,(anonymous_14)
DA:1,1
DA:3,1
DA:4,1
DA:5,2
DA:6,1
DA:7,1
DA:8,1
DA:10,1
DA:31,1
LF:9
LH:9
BRDA:6,0,0,1
BRF:1
BRH:1
end_of_record
TN:
SF:__tests__/factories/phase.factory.ts
FN:5,(anonymous_14)
FN:10,getRandomDate
FNF:2
FNH:2
FNDA:6,(anonymous_14)
FNDA:6,getRandomDate
DA:1,3
DA:3,3
DA:4,3
DA:5,8
DA:6,6
DA:7,6
DA:8,6
DA:11,6
DA:12,6
DA:13,6
DA:15,6
DA:17,6
DA:28,6
LF:13
LH:13
BRDA:5,0,0,2
BRDA:5,0,1,4
BRDA:6,1,0,6
BRF:3
BRH:3
end_of_record
TN:
SF:__tests__/factories/processTemplates.factory.ts
FN:5,(anonymous_14)
FNF:1
FNH:1
FNDA:7,(anonymous_14)
DA:1,4
DA:3,4
DA:5,10
DA:6,7
DA:16,7
LF:5
LH:5
BRDA:5,0,0,3
BRDA:5,0,1,4
BRDA:6,1,0,7
BRF:3
BRH:3
end_of_record
TN:
SF:__tests__/factories/profession.factory.ts
FN:5,(anonymous_14)
FNF:1
FNH:1
FNDA:8,(anonymous_14)
DA:1,3
DA:3,3
DA:5,7
DA:6,4
DA:11,4
LF:5
LH:5
BRDA:6,0,0,4
BRF:1
BRH:1
end_of_record
TN:
SF:__tests__/factories/tags.factory.ts
FN:4,(anonymous_14)
FNF:1
FNH:1
FNDA:2,(anonymous_14)
DA:1,1
DA:3,1
DA:4,2
DA:5,1
DA:10,1
LF:5
LH:5
BRDA:5,0,0,1
BRF:1
BRH:1
end_of_record
TN:
SF:__tests__/factories/task.factory.ts
FN:5,(anonymous_14)
FNF:1
FNH:1
FNDA:5,(anonymous_14)
DA:1,2
DA:3,2
DA:4,2
DA:5,6
DA:6,5
DA:8,5
DA:20,5
LF:7
LH:7
BRDA:5,0,0,1
BRDA:5,0,1,4
BRDA:6,1,0,5
BRF:3
BRH:3
end_of_record
TN:
SF:__tests__/utils/utils.ts
FN:1,(anonymous_0)
FNF:1
FNH:1
FNDA:51,(anonymous_0)
DA:1,51
LF:1
LH:1
BRF:0
BRH:0
end_of_record
TN:
SF:src/lib/prisma.ts
FNF:0
FNH:0
DA:3,7
DA:7,7
DA:8,0
DA:10,7
DA:11,7
DA:14,7
DA:17,7
LF:7
LH:6
BRDA:7,0,0,0
BRDA:7,0,1,7
BRDA:10,1,0,7
BRDA:10,1,1,0
BRF:4
BRH:2
end_of_record
TN:
SF:src/lib/withAuth.ts
FN:11,(anonymous_14)
FN:12,(anonymous_15)
FN:12,(anonymous_16)
FNF:3
FNH:3
FNDA:8,(anonymous_14)
FNDA:13,(anonymous_15)
FNDA:13,(anonymous_16)
DA:1,6
DA:2,6
DA:4,6
DA:5,6
DA:11,6
DA:12,13
DA:14,13
DA:15,13
DA:21,13
DA:23,0
DA:25,0
DA:26,0
DA:35,0
DA:36,0
DA:41,0
DA:43,0
DA:47,6
LF:17
LH:10
BRDA:23,0,0,0
BRDA:23,0,1,0
BRDA:14,1,0,0
BRDA:14,1,1,13
BRDA:25,2,0,0
BRDA:25,2,1,0
BRDA:35,3,0,0
BRDA:35,3,1,0
BRDA:41,4,0,0
BRDA:41,4,1,0
BRDA:41,5,0,0
BRDA:41,5,1,0
BRF:12
BRH:1
end_of_record
TN:
SF:src/pages/api/employees.ts
FN:13,(anonymous_14)
FNF:1
FNH:1
FNDA:1,(anonymous_14)
DA:1,1
DA:2,1
DA:3,1
DA:13,1
DA:14,1
DA:15,1
DA:30,1
DA:32,0
LF:8
LH:7
BRDA:14,0,0,0
BRDA:14,0,1,1
BRF:2
BRH:1
end_of_record
TN:
SF:src/pages/api/phases.ts
FN:15,(anonymous_14)
FNF:1
FNH:1
FNDA:1,(anonymous_14)
DA:1,1
DA:2,1
DA:3,1
DA:15,1
DA:16,1
DA:18,1
DA:20,1
DA:28,1
DA:30,0
LF:9
LH:8
BRDA:16,0,0,0
BRDA:16,0,1,1
BRF:2
BRH:1
end_of_record
TN:
SF:src/pages/api/professions.ts
FN:13,(anonymous_14)
FNF:1
FNH:1
FNDA:1,(anonymous_14)
DA:1,1
DA:2,1
DA:3,1
DA:13,1
DA:14,1
DA:15,1
DA:21,1
DA:23,0
LF:8
LH:7
BRDA:14,0,0,0
BRDA:14,0,1,1
BRF:2
BRH:1
end_of_record
TN:
SF:src/pages/api/tags.ts
FN:13,(anonymous_14)
FNF:1
FNH:1
FNDA:1,(anonymous_14)
DA:1,1
DA:2,1
DA:3,1
DA:13,1
DA:14,1
DA:15,1
DA:21,1
DA:23,0
LF:8
LH:7
BRDA:14,0,0,0
BRDA:14,0,1,1
BRF:2
BRH:1
end_of_record
TN:
SF:src/pages/api/tasks.ts
FN:16,(anonymous_16)
FN:40,(anonymous_19)
FN:50,(anonymous_20)
FNF:3
FNH:1
FNDA:1,(anonymous_16)
FNDA:0,(anonymous_19)
FNDA:0,(anonymous_20)
DA:1,1
DA:2,1
DA:3,1
DA:16,1
DA:17,1
DA:19,1
DA:21,1
DA:40,0
DA:50,0
DA:54,1
DA:56,0
LF:11
LH:8
BRDA:17,0,0,0
BRDA:17,0,1,1
BRDA:32,1,0,1
BRDA:32,1,1,0
BRDA:40,2,0,0
BRDA:40,2,1,1
BRDA:40,3,0,1
BRDA:40,3,1,1
BRF:8
BRH:5
end_of_record
TN:
SF:src/pages/api/cron/phases.ts
FN:9,default_1
FN:132,(anonymous_17)
FN:133,(anonymous_18)
FN:135,(anonymous_19)
FN:153,(anonymous_20)
FN:154,(anonymous_21)
FN:166,(anonymous_22)
FN:176,(anonymous_23)
FN:188,(anonymous_24)
FN:189,(anonymous_25)
FN:205,(anonymous_26)
FN:206,(anonymous_27)
FN:222,(anonymous_28)
FN:223,(anonymous_29)
FN:228,(anonymous_30)
FN:228,(anonymous_31)
FN:229,(anonymous_33)
FN:230,(anonymous_34)
FN:247,(anonymous_35)
FN:251,(anonymous_36)
FN:259,(anonymous_37)
FN:282,(anonymous_38)
FNF:22
FNH:11
FNDA:367,default_1
FNDA:367,(anonymous_17)
FNDA:1835,(anonymous_18)
FNDA:734,(anonymous_19)
FNDA:367,(anonymous_20)
FNDA:1468,(anonymous_21)
FNDA:715,(anonymous_22)
FNDA:0,(anonymous_23)
FNDA:0,(anonymous_24)
FNDA:0,(anonymous_25)
FNDA:0,(anonymous_26)
FNDA:0,(anonymous_27)
FNDA:0,(anonymous_28)
FNDA:0,(anonymous_29)
FNDA:332,(anonymous_30)
FNDA:332,(anonymous_31)
FNDA:332,(anonymous_33)
FNDA:0,(anonymous_34)
FNDA:367,(anonymous_35)
FNDA:0,(anonymous_36)
FNDA:0,(anonymous_37)
FNDA:0,(anonymous_38)
DA:1,1
DA:2,1
DA:3,1
DA:4,1
DA:7,1
DA:8,1
DA:9,1
DA:10,367
DA:12,367
DA:13,0
DA:15,367
DA:16,367
DA:50,367
DA:90,367
DA:118,367
DA:119,367
DA:121,367
DA:123,0
DA:132,1
DA:133,1835
DA:134,367
DA:135,367
DA:136,734
DA:137,367
DA:139,367
DA:140,367
DA:141,0
DA:143,367
DA:144,0
DA:153,1
DA:154,367
DA:155,1468
DA:156,1468
DA:157,124
DA:160,1344
DA:162,367
DA:163,35
DA:166,332
DA:167,715
DA:168,715
DA:169,715
DA:170,0
DA:173,715
DA:175,332
DA:176,0
DA:179,332
DA:180,332
DA:181,332
DA:188,1
DA:189,0
DA:190,0
DA:191,0
DA:192,0
DA:195,0
DA:196,0
DA:197,0
DA:198,0
DA:205,1
DA:206,0
DA:207,0
DA:208,0
DA:209,0
DA:212,0
DA:213,0
DA:214,0
DA:215,0
DA:222,1
DA:223,0
DA:228,332
DA:229,332
DA:230,332
DA:231,0
DA:232,0
DA:234,0
DA:242,664
DA:247,1
DA:248,367
DA:249,367
DA:250,367
DA:251,367
DA:252,0
DA:253,0
DA:254,0
DA:255,0
DA:256,0
DA:258,0
DA:259,0
DA:260,0
DA:261,0
DA:262,0
DA:263,0
DA:264,0
DA:265,0
DA:267,0
DA:268,0
DA:274,0
DA:282,1
DA:283,0
DA:289,0
DA:290,0
LF:100
LH:55
BRDA:12,0,0,0
BRDA:12,0,1,367
BRDA:15,1,0,0
BRDA:15,1,1,367
BRDA:136,2,0,367
BRDA:136,2,1,367
BRDA:140,3,0,0
BRDA:140,3,1,367
BRDA:140,4,0,367
BRDA:140,4,1,0
BRDA:143,5,0,0
BRDA:143,5,1,367
BRDA:143,6,0,367
BRDA:143,6,1,0
BRDA:156,7,0,124
BRDA:156,7,1,1344
BRDA:162,8,0,35
BRDA:162,8,1,332
BRDA:166,9,0,0
BRDA:166,9,1,332
BRDA:166,10,0,332
BRDA:166,10,1,332
BRDA:169,11,0,0
BRDA:169,11,1,715
BRDA:170,12,0,0
BRDA:170,12,1,0
BRDA:173,13,0,0
BRDA:173,13,1,715
BRDA:176,14,0,0
BRDA:176,14,1,0
BRDA:179,15,0,332
BRDA:179,15,1,0
BRDA:190,16,0,0
BRDA:190,16,1,0
BRDA:195,17,0,0
BRDA:195,17,1,0
BRDA:195,18,0,0
BRDA:195,18,1,0
BRDA:195,19,0,0
BRDA:195,19,1,0
BRDA:195,20,0,0
BRDA:195,20,1,0
BRDA:196,21,0,0
BRDA:196,21,1,0
BRDA:198,22,0,0
BRDA:198,22,1,0
BRDA:207,23,0,0
BRDA:207,23,1,0
BRDA:212,24,0,0
BRDA:212,24,1,0
BRDA:212,25,0,0
BRDA:212,25,1,0
BRDA:212,26,0,0
BRDA:212,26,1,0
BRDA:212,27,0,0
BRDA:212,27,1,0
BRDA:213,28,0,0
BRDA:213,28,1,0
BRDA:215,29,0,0
BRDA:215,29,1,0
BRDA:229,30,0,0
BRDA:229,30,1,332
BRDA:229,31,0,332
BRDA:229,31,1,332
BRDA:230,32,0,0
BRDA:230,32,1,332
BRDA:231,33,0,0
BRDA:231,33,1,0
BRDA:231,34,0,0
BRDA:231,34,1,0
BRDA:236,35,0,0
BRDA:236,35,1,0
BRDA:251,36,0,0
BRDA:251,36,1,367
BRDA:251,37,0,367
BRDA:251,37,1,367
BRDA:252,38,0,0
BRDA:252,38,1,0
BRDA:252,39,0,0
BRDA:252,39,1,0
BRDA:252,40,0,0
BRDA:252,40,1,0
BRDA:252,41,0,0
BRDA:252,41,1,0
BRDA:253,42,0,0
BRDA:253,42,1,0
BRDA:253,43,0,0
BRDA:253,43,1,0
BRDA:254,44,0,0
BRDA:254,44,1,0
BRDA:254,45,0,0
BRDA:254,45,1,0
BRDA:255,46,0,0
BRDA:255,46,1,0
BRDA:255,47,0,0
BRDA:255,47,1,0
BRDA:262,48,0,0
BRDA:262,48,1,0
BRDA:262,49,0,0
BRDA:262,49,1,0
BRDA:264,50,0,0
BRDA:264,50,1,0
BRDA:264,51,0,0
BRDA:264,51,1,0
BRDA:267,52,0,0
BRDA:267,52,1,0
BRDA:268,53,0,0
BRDA:268,53,1,0
BRDA:282,54,0,0
BRDA:282,54,1,0
BRDA:283,55,0,0
BRDA:289,56,0,0
BRDA:289,56,1,0
BRF:113
BRH:25
end_of_record
TN:
SF:src/pages/api/employeeTasks/[id].ts
FN:14,(anonymous_16)
FN:31,(anonymous_19)
FN:31,(anonymous_20)
FN:113,(anonymous_22)
FN:113,(anonymous_23)
FNF:5
FNH:5
FNDA:2,(anonymous_16)
FNDA:1,(anonymous_19)
FNDA:1,(anonymous_20)
FNDA:1,(anonymous_22)
FNDA:1,(anonymous_23)
DA:1,1
DA:2,1
DA:3,1
DA:8,1
DA:14,1
DA:16,2
DA:18,2
DA:19,1
DA:20,1
DA:21,1
DA:23,0
DA:31,1
DA:33,1
DA:86,0
DA:87,0
DA:89,0
DA:91,0
DA:92,0
DA:94,0
DA:113,1
DA:115,1
DA:118,1
DA:124,0
DA:155,0
DA:157,0
DA:158,0
DA:160,0
LF:27
LH:15
BRDA:18,0,0,1
BRDA:18,0,1,1
BRDA:20,1,0,1
BRDA:20,1,1,0
BRDA:86,2,0,0
BRDA:86,2,1,0
BRDA:91,3,0,0
BRDA:91,3,1,0
BRDA:92,4,0,0
BRDA:92,4,1,0
BRDA:92,5,0,0
BRDA:92,5,1,0
BRDA:92,6,0,0
BRDA:92,6,1,0
BRDA:92,7,0,0
BRDA:92,7,1,0
BRDA:136,8,0,0
BRDA:136,8,1,0
BRDA:138,9,0,0
BRDA:138,9,1,0
BRDA:157,10,0,0
BRDA:157,10,1,0
BRDA:158,11,0,0
BRDA:158,11,1,0
BRDA:158,12,0,0
BRDA:158,12,1,0
BRDA:158,13,0,0
BRDA:158,13,1,0
BRDA:158,14,0,0
BRDA:158,14,1,0
BRF:30
BRH:3
end_of_record
TN:
SF:src/pages/api/phases/[phase_id].ts
FN:13,(anonymous_14)
FN:32,(anonymous_17)
FN:32,(anonymous_18)
FN:63,(anonymous_20)
FN:63,(anonymous_21)
FN:91,(anonymous_23)
FN:91,(anonymous_24)
FNF:7
FNH:7
FNDA:3,(anonymous_14)
FNDA:1,(anonymous_17)
FNDA:1,(anonymous_18)
FNDA:1,(anonymous_20)
FNDA:1,(anonymous_21)
FNDA:1,(anonymous_23)
FNDA:1,(anonymous_24)
DA:1,1
DA:2,1
DA:3,1
DA:7,1
DA:13,1
DA:15,3
DA:17,3
DA:18,1
DA:19,2
DA:20,1
DA:21,1
DA:22,1
DA:24,0
DA:32,1
DA:34,1
DA:45,1
DA:46,0
DA:48,1
DA:50,0
DA:51,0
DA:53,0
DA:63,1
DA:65,1
DA:68,1
DA:78,1
DA:80,0
DA:81,0
DA:83,0
DA:91,1
DA:93,1
DA:101,0
DA:102,0
DA:104,0
DA:105,0
DA:107,0
LF:35
LH:22
BRDA:17,0,0,1
BRDA:17,0,1,2
BRDA:19,1,0,1
BRDA:19,1,1,1
BRDA:21,2,0,1
BRDA:21,2,1,0
BRDA:45,3,0,0
BRDA:45,3,1,1
BRDA:50,4,0,0
BRDA:50,4,1,0
BRDA:51,5,0,0
BRDA:51,5,1,0
BRDA:51,6,0,0
BRDA:51,6,1,0
BRDA:51,7,0,0
BRDA:51,7,1,0
BRDA:51,8,0,0
BRDA:51,8,1,0
BRDA:80,9,0,0
BRDA:80,9,1,0
BRDA:81,10,0,0
BRDA:81,10,1,0
BRDA:81,11,0,0
BRDA:81,11,1,0
BRDA:81,12,0,0
BRDA:81,12,1,0
BRDA:81,13,0,0
BRDA:81,13,1,0
BRDA:104,14,0,0
BRDA:104,14,1,0
BRDA:105,15,0,0
BRDA:105,15,1,0
BRDA:105,16,0,0
BRDA:105,16,1,0
BRDA:105,17,0,0
BRDA:105,17,1,0
BRDA:105,18,0,0
BRDA:105,18,1,0
BRF:38
BRH:6
end_of_record
TN:
SF:src/pages/api/tasks/[task_id].ts
FN:14,(anonymous_16)
FN:34,(anonymous_19)
FN:34,(anonymous_20)
FN:89,(anonymous_22)
FN:89,(anonymous_23)
FN:131,(anonymous_25)
FN:142,(anonymous_26)
FN:159,(anonymous_27)
FN:159,(anonymous_28)
FNF:9
FNH:7
FNDA:3,(anonymous_16)
FNDA:1,(anonymous_19)
FNDA:1,(anonymous_20)
FNDA:1,(anonymous_22)
FNDA:1,(anonymous_23)
FNDA:0,(anonymous_25)
FNDA:0,(anonymous_26)
FNDA:1,(anonymous_27)
FNDA:1,(anonymous_28)
DA:1,1
DA:2,1
DA:3,1
DA:8,1
DA:14,1
DA:16,3
DA:18,3
DA:19,1
DA:20,2
DA:21,1
DA:22,1
DA:23,1
DA:25,0
DA:34,1
DA:36,1
DA:68,1
DA:69,0
DA:71,1
DA:73,0
DA:74,0
DA:76,0
DA:89,1
DA:91,1
DA:94,1
DA:102,0
DA:131,0
DA:142,0
DA:146,0
DA:148,0
DA:149,0
DA:151,0
DA:159,1
DA:161,1
DA:162,1
DA:164,0
DA:165,0
DA:167,0
LF:37
LH:22
BRDA:18,0,0,1
BRDA:18,0,1,2
BRDA:20,1,0,1
BRDA:20,1,1,1
BRDA:22,2,0,1
BRDA:22,2,1,0
BRDA:68,3,0,0
BRDA:68,3,1,1
BRDA:73,4,0,0
BRDA:73,4,1,0
BRDA:74,5,0,0
BRDA:74,5,1,0
BRDA:74,6,0,0
BRDA:74,6,1,0
BRDA:74,7,0,0
BRDA:74,7,1,0
BRDA:74,8,0,0
BRDA:74,8,1,0
BRDA:117,9,0,0
BRDA:117,9,1,0
BRDA:124,10,0,0
BRDA:124,10,1,0
BRDA:131,11,0,0
BRDA:131,11,1,0
BRDA:131,12,0,0
BRDA:131,12,1,0
BRDA:148,13,0,0
BRDA:148,13,1,0
BRDA:149,14,0,0
BRDA:149,14,1,0
BRDA:149,15,0,0
BRDA:149,15,1,0
BRDA:149,16,0,0
BRDA:149,16,1,0
BRDA:149,17,0,0
BRDA:149,17,1,0
BRDA:164,18,0,0
BRDA:164,18,1,0
BRDA:165,19,0,0
BRDA:165,19,1,0
BRDA:165,20,0,0
BRDA:165,20,1,0
BRDA:165,21,0,0
BRDA:165,21,1,0
BRDA:165,22,0,0
BRDA:165,22,1,0
BRF:46
BRH:6
end_of_record
TN:
SF:src/utils/types.ts
FN:52,(anonymous_0)
FN:61,(anonymous_1)
FN:195,(anonymous_2)
FN:201,(anonymous_3)
FN:206,(anonymous_4)
FNF:5
FNH:5
FNDA:1,(anonymous_0)
FNDA:1,(anonymous_1)
FNDA:1,(anonymous_2)
FNDA:1,(anonymous_3)
FNDA:1,(anonymous_4)
DA:52,1
DA:53,1
DA:54,1
DA:55,1
DA:56,1
DA:57,1
DA:61,1
DA:62,1
DA:63,1
DA:64,1
DA:65,1
DA:66,1
DA:195,1
DA:196,1
DA:197,1
DA:201,1
DA:202,1
DA:206,1
DA:207,1
DA:208,1
DA:209,1
LF:21
LH:21
BRDA:52,0,0,1
BRDA:52,0,1,1
BRDA:61,1,0,1
BRDA:61,1,1,1
BRDA:195,2,0,1
BRDA:195,2,1,1
BRDA:201,3,0,1
BRDA:201,3,1,1
BRDA:206,4,0,1
BRDA:206,4,1,1
BRF:10
BRH:10
end_of_record
TN:
SF:src/utils/utils.ts
FN:17,(anonymous_17)
FN:17,(anonymous_18)
FN:19,(anonymous_19)
FN:29,(anonymous_20)
FN:31,(anonymous_21)
FN:36,(anonymous_22)
FN:47,(anonymous_23)
FN:59,(anonymous_24)
FN:63,(anonymous_25)
FN:73,(anonymous_26)
FN:91,(anonymous_27)
FN:93,(anonymous_28)
FN:148,(anonymous_29)
FN:153,(anonymous_30)
FN:157,(anonymous_31)
FN:167,(anonymous_32)
FN:177,(anonymous_33)
FN:189,(anonymous_34)
FN:193,(anonymous_35)
FN:204,(anonymous_36)
FN:214,(anonymous_37)
FN:215,(anonymous_38)
FN:216,(anonymous_39)
FN:219,(anonymous_40)
FN:220,(anonymous_41)
FN:224,(anonymous_42)
FN:233,(anonymous_43)
FN:255,(anonymous_44)
FN:289,(anonymous_45)
FN:290,(anonymous_46)
FN:291,(anonymous_47)
FN:302,(anonymous_48)
FN:327,(anonymous_49)
FN:327,(anonymous_50)
FNF:34
FNH:0
FNDA:0,(anonymous_17)
FNDA:0,(anonymous_18)
FNDA:0,(anonymous_19)
FNDA:0,(anonymous_20)
FNDA:0,(anonymous_21)
FNDA:0,(anonymous_22)
FNDA:0,(anonymous_23)
FNDA:0,(anonymous_24)
FNDA:0,(anonymous_25)
FNDA:0,(anonymous_26)
FNDA:0,(anonymous_27)
FNDA:0,(anonymous_28)
FNDA:0,(anonymous_29)
FNDA:0,(anonymous_30)
FNDA:0,(anonymous_31)
FNDA:0,(anonymous_32)
FNDA:0,(anonymous_33)
FNDA:0,(anonymous_34)
FNDA:0,(anonymous_35)
FNDA:0,(anonymous_36)
FNDA:0,(anonymous_37)
FNDA:0,(anonymous_38)
FNDA:0,(anonymous_39)
FNDA:0,(anonymous_40)
FNDA:0,(anonymous_41)
FNDA:0,(anonymous_42)
FNDA:0,(anonymous_43)
FNDA:0,(anonymous_44)
FNDA:0,(anonymous_45)
FNDA:0,(anonymous_46)
FNDA:0,(anonymous_47)
FNDA:0,(anonymous_48)
FNDA:0,(anonymous_49)
FNDA:0,(anonymous_50)
DA:1,1
DA:2,1
DA:3,1
DA:4,1
DA:5,1
DA:8,1
DA:10,1
DA:13,1
DA:17,1
DA:19,1
DA:27,0
DA:28,0
DA:30,0
DA:31,0
DA:32,0
DA:33,0
DA:37,0
DA:38,0
DA:47,1
DA:53,0
DA:60,0
DA:61,0
DA:64,0
DA:73,1
DA:74,0
DA:75,0
DA:76,0
DA:91,1
DA:92,0
DA:93,0
DA:94,0
DA:95,0
DA:96,0
DA:97,0
DA:98,0
DA:99,0
DA:100,0
DA:101,0
DA:102,0
DA:103,0
DA:104,0
DA:105,0
DA:141,0
DA:148,1
DA:149,0
DA:153,0
DA:154,0
DA:155,0
DA:157,0
DA:158,0
DA:164,0
DA:165,0
DA:167,0
DA:170,0
DA:177,1
DA:178,0
DA:189,0
DA:190,0
DA:191,0
DA:193,0
DA:194,0
DA:201,0
DA:202,0
DA:204,0
DA:207,0
DA:214,1
DA:215,0
DA:216,0
DA:217,0
DA:220,0
DA:221,0
DA:222,0
DA:223,0
DA:224,0
DA:226,0
DA:229,0
DA:230,0
DA:232,0
DA:233,0
DA:238,0
DA:255,1
DA:256,0
DA:257,0
DA:258,0
DA:259,0
DA:262,0
DA:263,0
DA:264,0
DA:265,0
DA:266,0
DA:267,0
DA:269,0
DA:270,0
DA:271,0
DA:289,1
DA:290,0
DA:291,0
DA:293,0
DA:302,1
DA:303,0
DA:304,0
DA:306,0
DA:307,0
DA:310,0
DA:311,0
DA:312,0
DA:314,0
DA:315,0
DA:316,0
DA:319,0
DA:320,0
DA:321,0
DA:327,1
DA:329,0
DA:334,0
DA:335,0
DA:336,0
DA:347,0
LF:118
LH:20
BRDA:60,0,0,0
BRDA:60,0,1,0
BRDA:64,1,0,0
BRDA:64,1,1,0
BRDA:64,2,0,0
BRDA:64,2,1,0
BRDA:106,3,0,0
BRDA:106,3,1,0
BRDA:111,4,0,0
BRDA:111,4,1,0
BRDA:114,5,0,0
BRDA:114,5,1,0
BRDA:114,6,0,0
BRDA:114,6,1,0
BRDA:116,7,0,0
BRDA:116,7,1,0
BRDA:119,8,0,0
BRDA:119,8,1,0
BRDA:119,9,0,0
BRDA:119,9,1,0
BRDA:121,10,0,0
BRDA:121,10,1,0
BRDA:124,11,0,0
BRDA:124,11,1,0
BRDA:124,12,0,0
BRDA:124,12,1,0
BRDA:126,13,0,0
BRDA:126,13,1,0
BRDA:129,14,0,0
BRDA:129,14,1,0
BRDA:129,15,0,0
BRDA:129,15,1,0
BRDA:131,16,0,0
BRDA:131,16,1,0
BRDA:134,17,0,0
BRDA:134,17,1,0
BRDA:134,18,0,0
BRDA:134,18,1,0
BRDA:136,19,0,0
BRDA:136,19,1,0
BRDA:138,20,0,0
BRDA:138,20,1,0
BRDA:138,21,0,0
BRDA:138,21,1,0
BRDA:148,22,0,0
BRDA:148,22,1,0
BRDA:150,23,0,0
BRDA:150,23,1,0
BRDA:154,24,0,0
BRDA:154,24,1,0
BRDA:177,25,0,0
BRDA:177,25,1,0
BRDA:184,26,0,0
BRDA:184,26,1,0
BRDA:190,27,0,0
BRDA:190,27,1,0
BRDA:221,28,0,0
BRDA:221,28,1,0
BRDA:221,29,0,0
BRDA:221,29,1,0
BRDA:223,30,0,0
BRDA:223,30,1,0
BRDA:229,31,0,0
BRDA:229,31,1,0
BRDA:229,32,0,0
BRDA:229,32,1,0
BRDA:232,33,0,0
BRDA:232,33,1,0
BRDA:232,34,0,0
BRDA:232,34,1,0
BRDA:255,35,0,0
BRDA:255,35,1,0
BRDA:257,36,0,0
BRDA:257,36,1,0
BRDA:258,37,0,0
BRDA:258,37,1,0
BRDA:258,38,0,0
BRDA:258,38,1,0
BRDA:262,39,0,0
BRDA:262,39,1,0
BRDA:265,40,0,0
BRDA:265,40,1,0
BRDA:302,41,0,0
BRDA:302,41,1,0
BRDA:306,42,0,0
BRDA:306,42,1,0
BRDA:306,43,0,0
BRDA:306,43,1,0
BRDA:310,44,0,0
BRDA:310,44,1,0
BRDA:314,45,0,0
BRDA:314,45,1,0
BRDA:335,46,0,0
BRDA:335,46,1,0
BRF:94
BRH:0
end_of_record
