TN:
SF:__tests__/factories/employee.factory.ts
FN:6,(anonymous_14)
FNF:1
FNH:1
FNDA:8,(anonymous_14)
DA:1,3
DA:3,3
DA:4,3
DA:6,7
DA:7,4
DA:9,4
DA:19,4
DA:29,4
LF:8
LH:8
BRDA:7,0,0,4
BRF:1
BRH:1
end_of_record
TN:
SF:__tests__/factories/employeeTask.factory.ts
FN:5,(anonymous_14)
FNF:1
FNH:1
FNDA:2,(anonymous_14)
DA:1,1
DA:3,1
DA:4,1
DA:5,2
DA:6,1
DA:7,1
DA:8,1
DA:10,1
DA:31,1
LF:9
LH:9
BRDA:6,0,0,1
BRF:1
BRH:1
end_of_record
TN:
SF:__tests__/factories/phase.factory.ts
FN:5,(anonymous_14)
FN:10,getRandomDate
FNF:2
FNH:2
FNDA:6,(anonymous_14)
FNDA:6,getRandomDate
DA:1,3
DA:3,3
DA:4,3
DA:5,8
DA:6,6
DA:7,6
DA:8,6
DA:11,6
DA:12,6
DA:13,6
DA:15,6
DA:17,6
DA:28,6
LF:13
LH:13
BRDA:5,0,0,2
BRDA:5,0,1,4
BRDA:6,1,0,6
BRF:3
BRH:3
end_of_record
TN:
SF:__tests__/factories/processTemplates.factory.ts
FN:5,(anonymous_14)
FNF:1
FNH:1
FNDA:7,(anonymous_14)
DA:1,4
DA:3,4
DA:5,10
DA:6,7
DA:16,7
LF:5
LH:5
BRDA:5,0,0,3
BRDA:5,0,1,4
BRDA:6,1,0,7
BRF:3
BRH:3
end_of_record
TN:
SF:__tests__/factories/profession.factory.ts
FN:5,(anonymous_14)
FNF:1
FNH:1
FNDA:8,(anonymous_14)
DA:1,3
DA:3,3
DA:5,7
DA:6,4
DA:11,4
LF:5
LH:5
BRDA:6,0,0,4
BRF:1
BRH:1
end_of_record
TN:
SF:__tests__/factories/tags.factory.ts
FN:4,(anonymous_14)
FNF:1
FNH:1
FNDA:2,(anonymous_14)
DA:1,1
DA:3,1
DA:4,2
DA:5,1
DA:10,1
LF:5
LH:5
BRDA:5,0,0,1
BRF:1
BRH:1
end_of_record
TN:
SF:__tests__/factories/task.factory.ts
FN:5,(anonymous_14)
FNF:1
FNH:1
FNDA:5,(anonymous_14)
DA:1,2
DA:3,2
DA:4,2
DA:5,6
DA:6,5
DA:8,5
DA:20,5
LF:7
LH:7
BRDA:5,0,0,1
BRDA:5,0,1,4
BRDA:6,1,0,5
BRF:3
BRH:3
end_of_record
TN:
SF:__tests__/utils/utils.ts
FN:1,(anonymous_0)
FNF:1
FNH:1
FNDA:56,(anonymous_0)
DA:1,56
LF:1
LH:1
BRF:0
BRH:0
end_of_record
TN:
SF:src/lib/prisma.ts
FNF:0
FNH:0
DA:3,7
DA:7,7
DA:8,0
DA:10,7
DA:11,7
DA:14,7
DA:17,7
LF:7
LH:6
BRDA:7,0,0,0
BRDA:7,0,1,7
BRDA:10,1,0,7
BRDA:10,1,1,0
BRF:4
BRH:2
end_of_record
TN:
SF:src/lib/withAuth.ts
FN:11,(anonymous_14)
FN:12,(anonymous_15)
FN:12,(anonymous_16)
FNF:3
FNH:3
FNDA:8,(anonymous_14)
FNDA:21,(anonymous_15)
FNDA:21,(anonymous_16)
DA:1,6
DA:2,6
DA:4,6
DA:5,6
DA:11,6
DA:12,21
DA:14,21
DA:15,21
DA:21,21
DA:23,0
DA:25,0
DA:26,0
DA:35,0
DA:36,0
DA:41,0
DA:43,0
DA:47,6
LF:17
LH:10
BRDA:23,0,0,0
BRDA:23,0,1,0
BRDA:14,1,0,0
BRDA:14,1,1,21
BRDA:25,2,0,0
BRDA:25,2,1,0
BRDA:35,3,0,0
BRDA:35,3,1,0
BRDA:41,4,0,0
BRDA:41,4,1,0
BRDA:41,5,0,0
BRDA:41,5,1,0
BRF:12
BRH:1
end_of_record
TN:
SF:src/pages/api/employees.ts
FN:13,(anonymous_14)
FNF:1
FNH:1
FNDA:1,(anonymous_14)
DA:1,1
DA:2,1
DA:3,1
DA:13,1
DA:14,1
DA:15,1
DA:30,1
DA:32,0
LF:8
LH:7
BRDA:14,0,0,0
BRDA:14,0,1,1
BRF:2
BRH:1
end_of_record
TN:
SF:src/pages/api/phases.ts
FN:15,(anonymous_14)
FNF:1
FNH:1
FNDA:1,(anonymous_14)
DA:1,1
DA:2,1
DA:3,1
DA:15,1
DA:16,1
DA:18,1
DA:20,1
DA:28,1
DA:30,0
LF:9
LH:8
BRDA:16,0,0,0
BRDA:16,0,1,1
BRF:2
BRH:1
end_of_record
TN:
SF:src/pages/api/professions.ts
FN:13,(anonymous_14)
FNF:1
FNH:1
FNDA:1,(anonymous_14)
DA:1,1
DA:2,1
DA:3,1
DA:13,1
DA:14,1
DA:15,1
DA:21,1
DA:23,0
LF:8
LH:7
BRDA:14,0,0,0
BRDA:14,0,1,1
BRF:2
BRH:1
end_of_record
TN:
SF:src/pages/api/tags.ts
FN:13,(anonymous_14)
FNF:1
FNH:1
FNDA:2,(anonymous_14)
DA:1,1
DA:2,1
DA:3,1
DA:13,1
DA:14,3
DA:15,1
DA:21,1
DA:23,1
LF:8
LH:8
BRDA:14,0,0,1
BRDA:14,0,1,1
BRF:2
BRH:2
end_of_record
TN:
SF:src/pages/api/tasks.ts
FN:16,(anonymous_16)
FN:40,(anonymous_19)
FN:50,(anonymous_20)
FNF:3
FNH:1
FNDA:1,(anonymous_16)
FNDA:0,(anonymous_19)
FNDA:0,(anonymous_20)
DA:1,1
DA:2,1
DA:3,1
DA:16,1
DA:17,1
DA:19,1
DA:21,1
DA:40,0
DA:50,0
DA:57,1
DA:59,0
LF:11
LH:8
BRDA:17,0,0,0
BRDA:17,0,1,1
BRDA:32,1,0,1
BRDA:32,1,1,0
BRDA:40,2,0,0
BRDA:40,2,1,1
BRDA:40,3,0,1
BRDA:40,3,1,1
BRF:8
BRH:5
end_of_record
TN:
SF:src/pages/api/cron/phases.ts
FN:9,default_1
FN:131,(anonymous_17)
FN:132,(anonymous_18)
FN:134,(anonymous_19)
FN:154,(anonymous_20)
FN:155,(anonymous_21)
FN:167,(anonymous_22)
FN:177,(anonymous_23)
FN:189,(anonymous_24)
FN:190,(anonymous_25)
FN:206,(anonymous_26)
FN:207,(anonymous_27)
FN:223,(anonymous_28)
FN:224,(anonymous_29)
FN:229,(anonymous_30)
FN:229,(anonymous_31)
FN:230,(anonymous_33)
FN:231,(anonymous_34)
FN:248,(anonymous_35)
FN:252,(anonymous_36)
FN:260,(anonymous_37)
FN:283,(anonymous_38)
FNF:22
FNH:12
FNDA:368,default_1
FNDA:367,(anonymous_17)
FNDA:2202,(anonymous_18)
FNDA:2202,(anonymous_19)
FNDA:1101,(anonymous_20)
FNDA:4404,(anonymous_21)
FNDA:630,(anonymous_22)
FNDA:320,(anonymous_23)
FNDA:0,(anonymous_24)
FNDA:0,(anonymous_25)
FNDA:0,(anonymous_26)
FNDA:0,(anonymous_27)
FNDA:0,(anonymous_28)
FNDA:0,(anonymous_29)
FNDA:960,(anonymous_30)
FNDA:960,(anonymous_31)
FNDA:960,(anonymous_33)
FNDA:0,(anonymous_34)
FNDA:367,(anonymous_35)
FNDA:0,(anonymous_36)
FNDA:0,(anonymous_37)
FNDA:0,(anonymous_38)
DA:1,1
DA:2,1
DA:3,1
DA:4,1
DA:7,1
DA:8,1
DA:9,1
DA:10,368
DA:11,368
DA:12,1
DA:14,369
DA:15,367
DA:49,367
DA:89,367
DA:117,367
DA:118,367
DA:120,367
DA:122,1
DA:131,1
DA:132,2202
DA:133,367
DA:134,367
DA:135,2202
DA:136,1101
DA:138,1101
DA:139,1101
DA:141,1101
DA:142,0
DA:144,1101
DA:145,0
DA:154,1
DA:155,1101
DA:156,4404
DA:157,4404
DA:158,366
DA:161,4038
DA:163,1101
DA:164,141
DA:167,960
DA:168,630
DA:169,630
DA:170,630
DA:171,0
DA:174,630
DA:176,960
DA:177,320
DA:180,960
DA:181,960
DA:182,960
DA:189,1
DA:190,0
DA:191,0
DA:192,0
DA:193,0
DA:196,0
DA:197,0
DA:198,0
DA:199,0
DA:206,1
DA:207,0
DA:208,0
DA:209,0
DA:210,0
DA:213,0
DA:214,0
DA:215,0
DA:216,0
DA:223,1
DA:224,0
DA:229,960
DA:230,960
DA:231,960
DA:232,0
DA:233,0
DA:235,0
DA:243,1920
DA:248,1
DA:249,367
DA:250,367
DA:251,367
DA:252,367
DA:253,0
DA:254,0
DA:255,0
DA:256,0
DA:257,0
DA:259,0
DA:260,0
DA:261,0
DA:262,0
DA:263,0
DA:264,0
DA:265,0
DA:266,0
DA:268,0
DA:269,0
DA:275,0
DA:283,1
DA:284,0
DA:290,0
DA:291,0
LF:101
LH:59
BRDA:11,0,0,1
BRDA:11,0,1,367
BRDA:14,1,0,1
BRDA:14,1,1,367
BRDA:135,2,0,1101
BRDA:135,2,1,1101
BRDA:138,3,0,1101
BRDA:138,3,1,0
BRDA:141,4,0,0
BRDA:141,4,1,1101
BRDA:141,5,0,1101
BRDA:141,5,1,0
BRDA:144,6,0,0
BRDA:144,6,1,1101
BRDA:144,7,0,1101
BRDA:144,7,1,0
BRDA:157,8,0,366
BRDA:157,8,1,4038
BRDA:163,9,0,141
BRDA:163,9,1,960
BRDA:167,10,0,0
BRDA:167,10,1,960
BRDA:167,11,0,960
BRDA:167,11,1,960
BRDA:170,12,0,0
BRDA:170,12,1,630
BRDA:171,13,0,0
BRDA:171,13,1,0
BRDA:174,14,0,0
BRDA:174,14,1,630
BRDA:177,15,0,320
BRDA:177,15,1,0
BRDA:180,16,0,960
BRDA:180,16,1,0
BRDA:191,17,0,0
BRDA:191,17,1,0
BRDA:196,18,0,0
BRDA:196,18,1,0
BRDA:196,19,0,0
BRDA:196,19,1,0
BRDA:196,20,0,0
BRDA:196,20,1,0
BRDA:196,21,0,0
BRDA:196,21,1,0
BRDA:197,22,0,0
BRDA:197,22,1,0
BRDA:199,23,0,0
BRDA:199,23,1,0
BRDA:208,24,0,0
BRDA:208,24,1,0
BRDA:213,25,0,0
BRDA:213,25,1,0
BRDA:213,26,0,0
BRDA:213,26,1,0
BRDA:213,27,0,0
BRDA:213,27,1,0
BRDA:213,28,0,0
BRDA:213,28,1,0
BRDA:214,29,0,0
BRDA:214,29,1,0
BRDA:216,30,0,0
BRDA:216,30,1,0
BRDA:230,31,0,0
BRDA:230,31,1,960
BRDA:230,32,0,960
BRDA:230,32,1,960
BRDA:231,33,0,0
BRDA:231,33,1,960
BRDA:232,34,0,0
BRDA:232,34,1,0
BRDA:232,35,0,0
BRDA:232,35,1,0
BRDA:237,36,0,0
BRDA:237,36,1,0
BRDA:252,37,0,0
BRDA:252,37,1,367
BRDA:252,38,0,367
BRDA:252,38,1,367
BRDA:253,39,0,0
BRDA:253,39,1,0
BRDA:253,40,0,0
BRDA:253,40,1,0
BRDA:253,41,0,0
BRDA:253,41,1,0
BRDA:253,42,0,0
BRDA:253,42,1,0
BRDA:254,43,0,0
BRDA:254,43,1,0
BRDA:254,44,0,0
BRDA:254,44,1,0
BRDA:255,45,0,0
BRDA:255,45,1,0
BRDA:255,46,0,0
BRDA:255,46,1,0
BRDA:256,47,0,0
BRDA:256,47,1,0
BRDA:256,48,0,0
BRDA:256,48,1,0
BRDA:263,49,0,0
BRDA:263,49,1,0
BRDA:263,50,0,0
BRDA:263,50,1,0
BRDA:265,51,0,0
BRDA:265,51,1,0
BRDA:265,52,0,0
BRDA:265,52,1,0
BRDA:268,53,0,0
BRDA:268,53,1,0
BRDA:269,54,0,0
BRDA:269,54,1,0
BRDA:283,55,0,0
BRDA:283,55,1,0
BRDA:284,56,0,0
BRDA:290,57,0,0
BRDA:290,57,1,0
BRF:115
BRH:29
end_of_record
TN:
SF:src/pages/api/employeeTasks/[id].ts
FN:14,(anonymous_16)
FN:31,(anonymous_19)
FN:31,(anonymous_20)
FN:113,(anonymous_22)
FN:113,(anonymous_23)
FNF:5
FNH:5
FNDA:5,(anonymous_16)
FNDA:2,(anonymous_19)
FNDA:2,(anonymous_20)
FNDA:2,(anonymous_22)
FNDA:2,(anonymous_23)
DA:1,1
DA:2,1
DA:3,1
DA:8,1
DA:14,1
DA:16,5
DA:18,5
DA:19,2
DA:20,3
DA:21,2
DA:23,1
DA:31,2
DA:33,2
DA:86,2
DA:87,1
DA:89,1
DA:91,1
DA:92,1
DA:94,0
DA:113,2
DA:115,2
DA:118,2
DA:124,2
DA:155,1
DA:157,1
DA:158,1
DA:160,0
LF:27
LH:25
BRDA:18,0,0,2
BRDA:18,0,1,3
BRDA:20,1,0,2
BRDA:20,1,1,1
BRDA:86,2,0,1
BRDA:86,2,1,1
BRDA:91,3,0,1
BRDA:91,3,1,0
BRDA:92,4,0,1
BRDA:92,4,1,0
BRDA:92,5,0,1
BRDA:92,5,1,1
BRDA:92,6,0,0
BRDA:92,6,1,1
BRDA:92,7,0,1
BRDA:92,7,1,1
BRDA:136,8,0,2
BRDA:136,8,1,1
BRDA:138,9,0,1
BRDA:138,9,1,0
BRDA:157,10,0,1
BRDA:157,10,1,0
BRDA:158,11,0,1
BRDA:158,11,1,0
BRDA:158,12,0,1
BRDA:158,12,1,1
BRDA:158,13,0,0
BRDA:158,13,1,1
BRDA:158,14,0,1
BRDA:158,14,1,1
BRF:30
BRH:23
end_of_record
TN:
SF:src/pages/api/phases/[phase_id].ts
FN:13,(anonymous_14)
FN:32,(anonymous_17)
FN:32,(anonymous_18)
FN:63,(anonymous_20)
FN:63,(anonymous_21)
FN:91,(anonymous_23)
FN:91,(anonymous_24)
FNF:7
FNH:7
FNDA:5,(anonymous_14)
FNDA:2,(anonymous_17)
FNDA:2,(anonymous_18)
FNDA:1,(anonymous_20)
FNDA:1,(anonymous_21)
FNDA:1,(anonymous_23)
FNDA:1,(anonymous_24)
DA:1,1
DA:2,1
DA:3,1
DA:7,1
DA:13,1
DA:15,5
DA:17,5
DA:18,2
DA:19,3
DA:20,1
DA:21,2
DA:22,1
DA:24,1
DA:32,2
DA:34,2
DA:45,2
DA:46,1
DA:48,1
DA:50,1
DA:51,1
DA:53,0
DA:63,1
DA:65,1
DA:68,1
DA:78,1
DA:80,0
DA:81,0
DA:83,0
DA:91,1
DA:93,2
DA:101,1
DA:102,1
DA:104,0
DA:105,0
DA:107,0
LF:35
LH:28
BRDA:17,0,0,2
BRDA:17,0,1,3
BRDA:19,1,0,1
BRDA:19,1,1,2
BRDA:21,2,0,1
BRDA:21,2,1,1
BRDA:45,3,0,1
BRDA:45,3,1,1
BRDA:50,4,0,1
BRDA:50,4,1,0
BRDA:51,5,0,1
BRDA:51,5,1,0
BRDA:51,6,0,1
BRDA:51,6,1,1
BRDA:51,7,0,0
BRDA:51,7,1,1
BRDA:51,8,0,1
BRDA:51,8,1,1
BRDA:80,9,0,0
BRDA:80,9,1,0
BRDA:81,10,0,0
BRDA:81,10,1,0
BRDA:81,11,0,0
BRDA:81,11,1,0
BRDA:81,12,0,0
BRDA:81,12,1,0
BRDA:81,13,0,0
BRDA:81,13,1,0
BRDA:104,14,0,0
BRDA:104,14,1,0
BRDA:105,15,0,0
BRDA:105,15,1,0
BRDA:105,16,0,0
BRDA:105,16,1,0
BRDA:105,17,0,0
BRDA:105,17,1,0
BRDA:105,18,0,0
BRDA:105,18,1,0
BRF:38
BRH:15
end_of_record
TN:
SF:src/pages/api/tasks/[task_id].ts
FN:14,(anonymous_16)
FN:34,(anonymous_19)
FN:34,(anonymous_20)
FN:90,(anonymous_22)
FN:90,(anonymous_23)
FN:132,(anonymous_25)
FN:143,(anonymous_26)
FN:160,(anonymous_27)
FN:160,(anonymous_28)
FNF:9
FNH:7
FNDA:5,(anonymous_16)
FNDA:2,(anonymous_19)
FNDA:2,(anonymous_20)
FNDA:1,(anonymous_22)
FNDA:1,(anonymous_23)
FNDA:0,(anonymous_25)
FNDA:0,(anonymous_26)
FNDA:2,(anonymous_27)
FNDA:2,(anonymous_28)
DA:1,1
DA:2,1
DA:3,1
DA:8,1
DA:14,1
DA:16,5
DA:18,5
DA:19,2
DA:20,3
DA:21,1
DA:22,2
DA:23,2
DA:25,0
DA:34,2
DA:36,2
DA:68,2
DA:69,1
DA:71,1
DA:74,1
DA:75,1
DA:77,0
DA:90,1
DA:92,1
DA:95,1
DA:103,1
DA:132,0
DA:143,0
DA:147,1
DA:149,0
DA:150,0
DA:152,0
DA:160,2
DA:162,2
DA:163,1
DA:165,1
DA:166,1
DA:168,0
LF:37
LH:29
BRDA:18,0,0,2
BRDA:18,0,1,3
BRDA:20,1,0,1
BRDA:20,1,1,2
BRDA:22,2,0,2
BRDA:22,2,1,0
BRDA:68,3,0,1
BRDA:68,3,1,1
BRDA:74,4,0,1
BRDA:74,4,1,0
BRDA:75,5,0,1
BRDA:75,5,1,0
BRDA:75,6,0,1
BRDA:75,6,1,1
BRDA:75,7,0,0
BRDA:75,7,1,1
BRDA:75,8,0,1
BRDA:75,8,1,1
BRDA:118,9,0,0
BRDA:118,9,1,1
BRDA:125,10,0,1
BRDA:125,10,1,0
BRDA:132,11,0,1
BRDA:132,11,1,0
BRDA:132,12,0,1
BRDA:132,12,1,1
BRDA:149,13,0,0
BRDA:149,13,1,0
BRDA:150,14,0,0
BRDA:150,14,1,0
BRDA:150,15,0,0
BRDA:150,15,1,0
BRDA:150,16,0,0
BRDA:150,16,1,0
BRDA:150,17,0,0
BRDA:150,17,1,0
BRDA:165,18,0,1
BRDA:165,18,1,0
BRDA:166,19,0,0
BRDA:166,19,1,1
BRDA:166,20,0,1
BRDA:166,20,1,1
BRDA:166,21,0,0
BRDA:166,21,1,1
BRDA:166,22,0,1
BRDA:166,22,1,1
BRF:46
BRH:26
end_of_record
TN:
SF:src/utils/types.ts
FN:52,(anonymous_0)
FN:61,(anonymous_1)
FN:195,(anonymous_2)
FN:201,(anonymous_3)
FN:206,(anonymous_4)
FNF:5
FNH:5
FNDA:1,(anonymous_0)
FNDA:1,(anonymous_1)
FNDA:1,(anonymous_2)
FNDA:1,(anonymous_3)
FNDA:1,(anonymous_4)
DA:52,1
DA:53,1
DA:54,1
DA:55,1
DA:56,1
DA:57,1
DA:61,1
DA:62,1
DA:63,1
DA:64,1
DA:65,1
DA:66,1
DA:195,1
DA:196,1
DA:197,1
DA:201,1
DA:202,1
DA:206,1
DA:207,1
DA:208,1
DA:209,1
LF:21
LH:21
BRDA:52,0,0,1
BRDA:52,0,1,1
BRDA:61,1,0,1
BRDA:61,1,1,1
BRDA:195,2,0,1
BRDA:195,2,1,1
BRDA:201,3,0,1
BRDA:201,3,1,1
BRDA:206,4,0,1
BRDA:206,4,1,1
BRF:10
BRH:10
end_of_record
